# mur		muf		alpsfact	dynamical_scale	pdf		cross-section
1.0		1.0		1.0		-1		247000		0.0983944846061
0.5		0.5		1.0		-1		247000		0.101274740272
0.5		0.5		1.0		1		247000		0.103487301747
0.5		0.5		1.0		2		247000		0.101771380779
0.5		0.5		1.0		3		247000		0.104502018236
0.5		0.5		1.0		4		247000		0.101274740274
0.5		1.0		1.0		-1		247000		0.0983944846061
0.5		1.0		1.0		1		247000		0.100782129531
0.5		1.0		1.0		2		247000		0.0988826313961
0.5		1.0		1.0		3		247000		0.101771380779
0.5		1.0		1.0		4		247000		0.098394484608
0.5		2.0		1.0		-1		247000		0.0954591141404
0.5		2.0		1.0		1		247000		0.0979344780476
0.5		2.0		1.0		2		247000		0.0959323483767
0.5		2.0		1.0		3		247000		0.0988826313961
0.5		2.0		1.0		4		247000		0.0954591141421
1.0		0.5		1.0		-1		247000		0.101274740272
1.0		0.5		1.0		1		247000		0.103487301747
1.0		0.5		1.0		2		247000		0.101771380779
1.0		0.5		1.0		3		247000		0.104502018236
1.0		0.5		1.0		4		247000		0.101274740274
1.0		1.0		1.0		1		247000		0.100782129531
1.0		1.0		1.0		2		247000		0.0988826313961
1.0		1.0		1.0		3		247000		0.101771380779
1.0		1.0		1.0		4		247000		0.098394484608
1.0		2.0		1.0		-1		247000		0.0954591141404
1.0		2.0		1.0		1		247000		0.0979344780476
1.0		2.0		1.0		2		247000		0.0959323483767
1.0		2.0		1.0		3		247000		0.0988826313961
1.0		2.0		1.0		4		247000		0.0954591141421
2.0		0.5		1.0		-1		247000		0.101274740272
2.0		0.5		1.0		1		247000		0.103487301747
2.0		0.5		1.0		2		247000		0.101771380779
2.0		0.5		1.0		3		247000		0.104502018236
2.0		0.5		1.0		4		247000		0.101274740274
2.0		1.0		1.0		-1		247000		0.0983944846061
2.0		1.0		1.0		1		247000		0.100782129531
2.0		1.0		1.0		2		247000		0.0988826313961
2.0		1.0		1.0		3		247000		0.101771380779
2.0		1.0		1.0		4		247000		0.098394484608
2.0		2.0		1.0		-1		247000		0.0954591141404
2.0		2.0		1.0		1		247000		0.0979344780476
2.0		2.0		1.0		2		247000		0.0959323483767
2.0		2.0		1.0		3		247000		0.0988826313961
2.0		2.0		1.0		4		247000		0.0954591141421
1.0		1.0		1.0		-1		247000		0.0983944846061
1.0		1.0		1.0		-1		247001		0.101026833962
1.0		1.0		1.0		-1		247002		0.0966269898764
1.0		1.0		1.0		-1		247003		0.100561918821
1.0		1.0		1.0		-1		247004		0.0991225908348
1.0		1.0		1.0		-1		247005		0.085491868707
1.0		1.0		1.0		-1		247006		0.101546349602
1.0		1.0		1.0		-1		247007		0.0988210988505
1.0		1.0		1.0		-1		247008		0.094754257667
1.0		1.0		1.0		-1		247009		0.0953948839379
1.0		1.0		1.0		-1		247010		0.0982148380338
1.0		1.0		1.0		-1		247011		0.107595501762
1.0		1.0		1.0		-1		247012		0.0922261104045
1.0		1.0		1.0		-1		247013		0.0949301133806
1.0		1.0		1.0		-1		247014		0.0995200939086
1.0		1.0		1.0		-1		247015		0.097230872441
1.0		1.0		1.0		-1		247016		0.0976332158031
1.0		1.0		1.0		-1		247017		0.102260110815
1.0		1.0		1.0		-1		247018		0.100121698751
1.0		1.0		1.0		-1		247019		0.0935528041735
1.0		1.0		1.0		-1		247020		0.0961853964016
1.0		1.0		1.0		-1		247021		0.105482587533
1.0		1.0		1.0		-1		247022		0.105294785137
1.0		1.0		1.0		-1		247023		0.0854196687624
1.0		1.0		1.0		-1		247024		0.0953281572885
1.0		1.0		1.0		-1		247025		0.0953350063722
1.0		1.0		1.0		-1		247026		0.103201679085
1.0		1.0		1.0		-1		247027		0.0931437038241
1.0		1.0		1.0		-1		247028		0.100990529122
1.0		1.0		1.0		-1		247029		0.0864983437606
1.0		1.0		1.0		-1		247030		0.0940248319566
1.0		1.0		1.0		-1		247031		0.0970389416183
1.0		1.0		1.0		-1		247032		0.102376485054
1.0		1.0		1.0		-1		247033		0.0979705534457
1.0		1.0		1.0		-1		247034		0.0982773338949
1.0		1.0		1.0		-1		247035		0.104055168489
1.0		1.0		1.0		-1		247036		0.0959466403837
1.0		1.0		1.0		-1		247037		0.0971620096782
1.0		1.0		1.0		-1		247038		0.0989525831259
1.0		1.0		1.0		-1		247039		0.101510562916
1.0		1.0		1.0		-1		247040		0.0996195864312
1.0		1.0		1.0		-1		247041		0.104881173846
1.0		1.0		1.0		-1		247042		0.0972050140577
1.0		1.0		1.0		-1		247043		0.0991370728924
1.0		1.0		1.0		-1		247044		0.108784371023
1.0		1.0		1.0		-1		247045		0.106551927382
1.0		1.0		1.0		-1		247046		0.104199086983
1.0		1.0		1.0		-1		247047		0.103319197971
1.0		1.0		1.0		-1		247048		0.0989951700693
1.0		1.0		1.0		-1		247049		0.107635050375
1.0		1.0		1.0		-1		247050		0.0967342999883
1.0		1.0		1.0		-1		247051		0.0969278949603
1.0		1.0		1.0		-1		247052		0.102041269131
1.0		1.0		1.0		-1		247053		0.102706020262
1.0		1.0		1.0		-1		247054		0.100319200118
1.0		1.0		1.0		-1		247055		0.101728832624
1.0		1.0		1.0		-1		247056		0.091447129983
1.0		1.0		1.0		-1		247057		0.0946176038878
1.0		1.0		1.0		-1		247058		0.095665920975
1.0		1.0		1.0		-1		247059		0.105884477001
1.0		1.0		1.0		-1		247060		0.0935645981832
1.0		1.0		1.0		-1		247061		0.0999139420798
1.0		1.0		1.0		-1		247062		0.0963414065352
1.0		1.0		1.0		-1		247063		0.102589914567
1.0		1.0		1.0		-1		247064		0.101537610295
1.0		1.0		1.0		-1		247065		0.0994243475227
1.0		1.0		1.0		-1		247066		0.0964855351136
1.0		1.0		1.0		-1		247067		0.0929172909007
1.0		1.0		1.0		-1		247068		0.0951595411765
1.0		1.0		1.0		-1		247069		0.0989688273951
1.0		1.0		1.0		-1		247070		0.100652666981
1.0		1.0		1.0		-1		247071		0.099396647221
1.0		1.0		1.0		-1		247072		0.0985183713804
1.0		1.0		1.0		-1		247073		0.0920258259699
1.0		1.0		1.0		-1		247074		0.097045006725
1.0		1.0		1.0		-1		247075		0.0971390256516
1.0		1.0		1.0		-1		247076		0.0974670348255
1.0		1.0		1.0		-1		247077		0.100149685654
1.0		1.0		1.0		-1		247078		0.103567965672
1.0		1.0		1.0		-1		247079		0.0917914245974
1.0		1.0		1.0		-1		247080		0.0856763631034
1.0		1.0		1.0		-1		247081		0.100543839276
1.0		1.0		1.0		-1		247082		0.101270474033
1.0		1.0		1.0		-1		247083		0.10954338399
1.0		1.0		1.0		-1		247084		0.0906700561553
1.0		1.0		1.0		-1		247085		0.0962307179628
1.0		1.0		1.0		-1		247086		0.0979536218088
1.0		1.0		1.0		-1		247087		0.0961255207133
1.0		1.0		1.0		-1		247088		0.10075547696
1.0		1.0		1.0		-1		247089		0.0961301850271
1.0		1.0		1.0		-1		247090		0.0935571167466
1.0		1.0		1.0		-1		247091		0.0900376209403
1.0		1.0		1.0		-1		247092		0.102259532658
1.0		1.0		1.0		-1		247093		0.10566715953
1.0		1.0		1.0		-1		247094		0.0979825086325
1.0		1.0		1.0		-1		247095		0.0886903560837
1.0		1.0		1.0		-1		247096		0.0914595936184
1.0		1.0		1.0		-1		247097		0.108105586443
1.0		1.0		1.0		-1		247098		0.0984706513182
1.0		1.0		1.0		-1		247099		0.100049504214
1.0		1.0		1.0		-1		247100		0.102898397111

#***************************************************************************
#
# original cross-section: 0.0983944846061
#     scale variation: +2.93% -2.98%
#     central scheme variation: +3.43% - 0%
# PDF variation: +5.15% -5.15%
#
# dynamical scheme # 1 : 0.100782 +2.68% -2.83% # \sum ET
# dynamical scheme # 2 : 0.0988826 +2.92% -2.98% # \sum\sqrt{m^2+pt^2}
# dynamical scheme # 3 : 0.101771 +2.68% -2.84% # 0.5 \sum\sqrt{m^2+pt^2}
# dynamical scheme # 4 : 0.0983945 +2.93% -2.98% # \sqrt{\hat s}
#***************************************************************************
