# mur		muf		alpsfact	dynamical_scale	pdf		cross-section
1.0		1.0		1.0		-1		247000		0.000222553240704
0.5		0.5		1.0		-1		247000		0.000242561634302
0.5		0.5		1.0		1		247000		0.000260352205473
0.5		0.5		1.0		2		247000		0.00024485007001
0.5		0.5		1.0		3		247000		0.000267999331624
0.5		0.5		1.0		4		247000		0.000242561634302
0.5		1.0		1.0		-1		247000		0.000222553240704
0.5		1.0		1.0		1		247000		0.000238134545424
0.5		1.0		1.0		2		247000		0.000224545449756
0.5		1.0		1.0		3		247000		0.00024485007001
0.5		1.0		1.0		4		247000		0.000222553240704
0.5		2.0		1.0		-1		247000		0.000204911307967
0.5		2.0		1.0		1		247000		0.000218623753342
0.5		2.0		1.0		2		247000		0.000206655130775
0.5		2.0		1.0		3		247000		0.000224545449756
0.5		2.0		1.0		4		247000		0.000204911307967
1.0		0.5		1.0		-1		247000		0.000242561634302
1.0		0.5		1.0		1		247000		0.000260352205473
1.0		0.5		1.0		2		247000		0.00024485007001
1.0		0.5		1.0		3		247000		0.000267999331624
1.0		0.5		1.0		4		247000		0.000242561634302
1.0		1.0		1.0		1		247000		0.000238134545424
1.0		1.0		1.0		2		247000		0.000224545449756
1.0		1.0		1.0		3		247000		0.00024485007001
1.0		1.0		1.0		4		247000		0.000222553240704
1.0		2.0		1.0		-1		247000		0.000204911307967
1.0		2.0		1.0		1		247000		0.000218623753342
1.0		2.0		1.0		2		247000		0.000206655130775
1.0		2.0		1.0		3		247000		0.000224545449756
1.0		2.0		1.0		4		247000		0.000204911307967
2.0		0.5		1.0		-1		247000		0.000242561634302
2.0		0.5		1.0		1		247000		0.000260352205473
2.0		0.5		1.0		2		247000		0.00024485007001
2.0		0.5		1.0		3		247000		0.000267999331624
2.0		0.5		1.0		4		247000		0.000242561634302
2.0		1.0		1.0		-1		247000		0.000222553240704
2.0		1.0		1.0		1		247000		0.000238134545424
2.0		1.0		1.0		2		247000		0.000224545449756
2.0		1.0		1.0		3		247000		0.00024485007001
2.0		1.0		1.0		4		247000		0.000222553240704
2.0		2.0		1.0		-1		247000		0.000204911307967
2.0		2.0		1.0		1		247000		0.000218623753342
2.0		2.0		1.0		2		247000		0.000206655130775
2.0		2.0		1.0		3		247000		0.000224545449756
2.0		2.0		1.0		4		247000		0.000204911307967
1.0		1.0		1.0		-1		247000		0.000222553240704
1.0		1.0		1.0		-1		247001		0.000227227000453
1.0		1.0		1.0		-1		247002		0.000226336647946
1.0		1.0		1.0		-1		247003		0.00021819672163
1.0		1.0		1.0		-1		247004		0.000231594872844
1.0		1.0		1.0		-1		247005		0.000194882729809
1.0		1.0		1.0		-1		247006		0.000213494637499
1.0		1.0		1.0		-1		247007		0.000237503914725
1.0		1.0		1.0		-1		247008		0.00023767097582
1.0		1.0		1.0		-1		247009		0.000225754732452
1.0		1.0		1.0		-1		247010		0.000227485481818
1.0		1.0		1.0		-1		247011		0.000209508523597
1.0		1.0		1.0		-1		247012		0.000193819462752
1.0		1.0		1.0		-1		247013		0.000246535852716
1.0		1.0		1.0		-1		247014		0.00022821813191
1.0		1.0		1.0		-1		247015		0.000221581648352
1.0		1.0		1.0		-1		247016		0.000201025082903
1.0		1.0		1.0		-1		247017		0.000224622093412
1.0		1.0		1.0		-1		247018		0.000226951185381
1.0		1.0		1.0		-1		247019		0.000209605634457
1.0		1.0		1.0		-1		247020		0.000193256485332
1.0		1.0		1.0		-1		247021		0.000211518100665
1.0		1.0		1.0		-1		247022		0.000226392112976
1.0		1.0		1.0		-1		247023		0.00020600361084
1.0		1.0		1.0		-1		247024		0.000217639441416
1.0		1.0		1.0		-1		247025		0.000254586475274
1.0		1.0		1.0		-1		247026		0.000205458326093
1.0		1.0		1.0		-1		247027		0.000196819845097
1.0		1.0		1.0		-1		247028		0.000238623659192
1.0		1.0		1.0		-1		247029		0.000217063155553
1.0		1.0		1.0		-1		247030		0.000216488226126
1.0		1.0		1.0		-1		247031		0.000220973156837
1.0		1.0		1.0		-1		247032		0.000208992697623
1.0		1.0		1.0		-1		247033		0.00020870770898
1.0		1.0		1.0		-1		247034		0.000234759884721
1.0		1.0		1.0		-1		247035		0.000198052937863
1.0		1.0		1.0		-1		247036		0.000239680099061
1.0		1.0		1.0		-1		247037		0.000234547435868
1.0		1.0		1.0		-1		247038		0.000225262420751
1.0		1.0		1.0		-1		247039		0.000218342100905
1.0		1.0		1.0		-1		247040		0.00021260577365
1.0		1.0		1.0		-1		247041		0.000247513214758
1.0		1.0		1.0		-1		247042		0.000234840294091
1.0		1.0		1.0		-1		247043		0.000222611077957
1.0		1.0		1.0		-1		247044		0.000258709268478
1.0		1.0		1.0		-1		247045		0.000239545809967
1.0		1.0		1.0		-1		247046		0.000215728496364
1.0		1.0		1.0		-1		247047		0.000209592640784
1.0		1.0		1.0		-1		247048		0.0002221867662
1.0		1.0		1.0		-1		247049		0.000230906182855
1.0		1.0		1.0		-1		247050		0.000203599744906
1.0		1.0		1.0		-1		247051		0.000221292502683
1.0		1.0		1.0		-1		247052		0.000206748713868
1.0		1.0		1.0		-1		247053		0.000226507105831
1.0		1.0		1.0		-1		247054		0.000236853053702
1.0		1.0		1.0		-1		247055		0.000190404296951
1.0		1.0		1.0		-1		247056		0.00023550007364
1.0		1.0		1.0		-1		247057		0.000233652920385
1.0		1.0		1.0		-1		247058		0.000239736583069
1.0		1.0		1.0		-1		247059		0.000227984473805
1.0		1.0		1.0		-1		247060		0.000224630847525
1.0		1.0		1.0		-1		247061		0.000220599132808
1.0		1.0		1.0		-1		247062		0.000231331594482
1.0		1.0		1.0		-1		247063		0.000196600618918
1.0		1.0		1.0		-1		247064		0.000218670888017
1.0		1.0		1.0		-1		247065		0.000227864615084
1.0		1.0		1.0		-1		247066		0.000211946131682
1.0		1.0		1.0		-1		247067		0.000201881645864
1.0		1.0		1.0		-1		247068		0.000234095438133
1.0		1.0		1.0		-1		247069		0.000211850463223
1.0		1.0		1.0		-1		247070		0.000196703506492
1.0		1.0		1.0		-1		247071		0.000233630692611
1.0		1.0		1.0		-1		247072		0.000203437452001
1.0		1.0		1.0		-1		247073		0.000225355955094
1.0		1.0		1.0		-1		247074		0.000240835626909
1.0		1.0		1.0		-1		247075		0.000221669178298
1.0		1.0		1.0		-1		247076		0.000227550998376
1.0		1.0		1.0		-1		247077		0.000220070920034
1.0		1.0		1.0		-1		247078		0.000225816393779
1.0		1.0		1.0		-1		247079		0.000216064580813
1.0		1.0		1.0		-1		247080		0.000208734929153
1.0		1.0		1.0		-1		247081		0.000224140435703
1.0		1.0		1.0		-1		247082		0.000231378431294
1.0		1.0		1.0		-1		247083		0.000225351652585
1.0		1.0		1.0		-1		247084		0.000233849060795
1.0		1.0		1.0		-1		247085		0.000205736188752
1.0		1.0		1.0		-1		247086		0.000225255235365
1.0		1.0		1.0		-1		247087		0.000216328699666
1.0		1.0		1.0		-1		247088		0.000259162771887
1.0		1.0		1.0		-1		247089		0.000215808308405
1.0		1.0		1.0		-1		247090		0.000200351829572
1.0		1.0		1.0		-1		247091		0.000239019234551
1.0		1.0		1.0		-1		247092		0.000236968287607
1.0		1.0		1.0		-1		247093		0.000227118953372
1.0		1.0		1.0		-1		247094		0.000251025975854
1.0		1.0		1.0		-1		247095		0.000206177457591
1.0		1.0		1.0		-1		247096		0.000229969207328
1.0		1.0		1.0		-1		247097		0.000195804529757
1.0		1.0		1.0		-1		247098		0.000228180857827
1.0		1.0		1.0		-1		247099		0.000209811710205
1.0		1.0		1.0		-1		247100		0.000240510137043

#***************************************************************************
#
# original cross-section: 0.000222553240704
#     scale variation: +8.99% -7.93%
#     central scheme variation: +10% - 0%
# PDF variation: +6.81% -6.81%
#
# dynamical scheme # 1 : 0.000238135 +9.33% -8.19% # \sum ET
# dynamical scheme # 2 : 0.000224545 +9.04% -7.97% # \sum\sqrt{m^2+pt^2}
# dynamical scheme # 3 : 0.00024485 +9.45% -8.29% # 0.5 \sum\sqrt{m^2+pt^2}
# dynamical scheme # 4 : 0.000222553 +8.99% -7.93% # \sqrt{\hat s}
#***************************************************************************
