# mur		muf		alpsfact	dynamical_scale	pdf		cross-section
1.0		1.0		1.0		-1		247000		0.00186993907437
0.5		0.5		1.0		-1		247000		0.00199459252295
0.5		0.5		1.0		1		247000		0.00210666741879
0.5		0.5		1.0		2		247000		0.00201089811027
0.5		0.5		1.0		3		247000		0.00214971088573
0.5		0.5		1.0		4		247000		0.00199459252301
0.5		1.0		1.0		-1		247000		0.00186993907437
0.5		1.0		1.0		1		247000		0.00197201567444
0.5		1.0		1.0		2		247000		0.00188457434026
0.5		1.0		1.0		3		247000		0.00201089811027
0.5		1.0		1.0		4		247000		0.00186993907443
0.5		2.0		1.0		-1		247000		0.00175642855261
0.5		2.0		1.0		1		247000		0.00184940959587
0.5		2.0		1.0		2		247000		0.00176959638945
0.5		2.0		1.0		3		247000		0.00188457434026
0.5		2.0		1.0		4		247000		0.00175642855266
1.0		0.5		1.0		-1		247000		0.00199459252295
1.0		0.5		1.0		1		247000		0.00210666741879
1.0		0.5		1.0		2		247000		0.00201089811027
1.0		0.5		1.0		3		247000		0.00214971088573
1.0		0.5		1.0		4		247000		0.00199459252301
1.0		1.0		1.0		1		247000		0.00197201567444
1.0		1.0		1.0		2		247000		0.00188457434026
1.0		1.0		1.0		3		247000		0.00201089811027
1.0		1.0		1.0		4		247000		0.00186993907443
1.0		2.0		1.0		-1		247000		0.00175642855261
1.0		2.0		1.0		1		247000		0.00184940959587
1.0		2.0		1.0		2		247000		0.00176959638945
1.0		2.0		1.0		3		247000		0.00188457434026
1.0		2.0		1.0		4		247000		0.00175642855266
2.0		0.5		1.0		-1		247000		0.00199459252295
2.0		0.5		1.0		1		247000		0.00210666741879
2.0		0.5		1.0		2		247000		0.00201089811027
2.0		0.5		1.0		3		247000		0.00214971088573
2.0		0.5		1.0		4		247000		0.00199459252301
2.0		1.0		1.0		-1		247000		0.00186993907437
2.0		1.0		1.0		1		247000		0.00197201567444
2.0		1.0		1.0		2		247000		0.00188457434026
2.0		1.0		1.0		3		247000		0.00201089811027
2.0		1.0		1.0		4		247000		0.00186993907443
2.0		2.0		1.0		-1		247000		0.00175642855261
2.0		2.0		1.0		1		247000		0.00184940959587
2.0		2.0		1.0		2		247000		0.00176959638945
2.0		2.0		1.0		3		247000		0.00188457434026
2.0		2.0		1.0		4		247000		0.00175642855266
1.0		1.0		1.0		-1		247000		0.00186993907437
1.0		1.0		1.0		-1		247001		0.00191564349087
1.0		1.0		1.0		-1		247002		0.00187087033706
1.0		1.0		1.0		-1		247003		0.00183609115568
1.0		1.0		1.0		-1		247004		0.00192343317898
1.0		1.0		1.0		-1		247005		0.00161856366938
1.0		1.0		1.0		-1		247006		0.00181528621036
1.0		1.0		1.0		-1		247007		0.0019715958975
1.0		1.0		1.0		-1		247008		0.00194155540617
1.0		1.0		1.0		-1		247009		0.0018524402031
1.0		1.0		1.0		-1		247010		0.00186317539503
1.0		1.0		1.0		-1		247011		0.00185235973076
1.0		1.0		1.0		-1		247012		0.00166721106358
1.0		1.0		1.0		-1		247013		0.00202013109718
1.0		1.0		1.0		-1		247014		0.00186076784192
1.0		1.0		1.0		-1		247015		0.00186605935894
1.0		1.0		1.0		-1		247016		0.00178060711167
1.0		1.0		1.0		-1		247017		0.00192232849714
1.0		1.0		1.0		-1		247018		0.00192641875367
1.0		1.0		1.0		-1		247019		0.00177513616531
1.0		1.0		1.0		-1		247020		0.00170317891016
1.0		1.0		1.0		-1		247021		0.00184493791786
1.0		1.0		1.0		-1		247022		0.00192854738627
1.0		1.0		1.0		-1		247023		0.00167819510535
1.0		1.0		1.0		-1		247024		0.0018287887438
1.0		1.0		1.0		-1		247025		0.00202516849421
1.0		1.0		1.0		-1		247026		0.0018149898206
1.0		1.0		1.0		-1		247027		0.0017236838294
1.0		1.0		1.0		-1		247028		0.00196636739787
1.0		1.0		1.0		-1		247029		0.00175291963818
1.0		1.0		1.0		-1		247030		0.00177073723233
1.0		1.0		1.0		-1		247031		0.00186728670143
1.0		1.0		1.0		-1		247032		0.00186695929142
1.0		1.0		1.0		-1		247033		0.00180980894278
1.0		1.0		1.0		-1		247034		0.00193133550642
1.0		1.0		1.0		-1		247035		0.00182389703564
1.0		1.0		1.0		-1		247036		0.00198436611115
1.0		1.0		1.0		-1		247037		0.00189515764031
1.0		1.0		1.0		-1		247038		0.00185598068588
1.0		1.0		1.0		-1		247039		0.00188849858777
1.0		1.0		1.0		-1		247040		0.00181872836728
1.0		1.0		1.0		-1		247041		0.00204838413538
1.0		1.0		1.0		-1		247042		0.00192863084179
1.0		1.0		1.0		-1		247043		0.00184186639182
1.0		1.0		1.0		-1		247044		0.00218294735679
1.0		1.0		1.0		-1		247045		0.00206439939029
1.0		1.0		1.0		-1		247046		0.00182613545311
1.0		1.0		1.0		-1		247047		0.00184904390809
1.0		1.0		1.0		-1		247048		0.00187582055685
1.0		1.0		1.0		-1		247049		0.00194958317356
1.0		1.0		1.0		-1		247050		0.00176287684207
1.0		1.0		1.0		-1		247051		0.00184648899944
1.0		1.0		1.0		-1		247052		0.00181483713629
1.0		1.0		1.0		-1		247053		0.0018966513956
1.0		1.0		1.0		-1		247054		0.0020108607002
1.0		1.0		1.0		-1		247055		0.00171986256262
1.0		1.0		1.0		-1		247056		0.00186157756804
1.0		1.0		1.0		-1		247057		0.00191142963005
1.0		1.0		1.0		-1		247058		0.00194829045259
1.0		1.0		1.0		-1		247059		0.00187784768341
1.0		1.0		1.0		-1		247060		0.00184779177638
1.0		1.0		1.0		-1		247061		0.00189595898501
1.0		1.0		1.0		-1		247062		0.00188656446371
1.0		1.0		1.0		-1		247063		0.00181092340869
1.0		1.0		1.0		-1		247064		0.00184026432013
1.0		1.0		1.0		-1		247065		0.00192654104923
1.0		1.0		1.0		-1		247066		0.00182754842779
1.0		1.0		1.0		-1		247067		0.00173814506791
1.0		1.0		1.0		-1		247068		0.00191543289036
1.0		1.0		1.0		-1		247069		0.00181059254532
1.0		1.0		1.0		-1		247070		0.00174315612322
1.0		1.0		1.0		-1		247071		0.00188437998168
1.0		1.0		1.0		-1		247072		0.00175409696993
1.0		1.0		1.0		-1		247073		0.00185650928318
1.0		1.0		1.0		-1		247074		0.00195951419684
1.0		1.0		1.0		-1		247075		0.00186741519156
1.0		1.0		1.0		-1		247076		0.0018726484071
1.0		1.0		1.0		-1		247077		0.00186512602641
1.0		1.0		1.0		-1		247078		0.00190438692378
1.0		1.0		1.0		-1		247079		0.0017713296119
1.0		1.0		1.0		-1		247080		0.00165897157536
1.0		1.0		1.0		-1		247081		0.00190553805558
1.0		1.0		1.0		-1		247082		0.00192223033356
1.0		1.0		1.0		-1		247083		0.00193490062224
1.0		1.0		1.0		-1		247084		0.00185046643521
1.0		1.0		1.0		-1		247085		0.00177287535098
1.0		1.0		1.0		-1		247086		0.00190824578852
1.0		1.0		1.0		-1		247087		0.00180655449564
1.0		1.0		1.0		-1		247088		0.00213904357473
1.0		1.0		1.0		-1		247089		0.00179149071928
1.0		1.0		1.0		-1		247090		0.00171696155402
1.0		1.0		1.0		-1		247091		0.00191421822769
1.0		1.0		1.0		-1		247092		0.00196146918514
1.0		1.0		1.0		-1		247093		0.00194116301631
1.0		1.0		1.0		-1		247094		0.00209651086632
1.0		1.0		1.0		-1		247095		0.00172572552824
1.0		1.0		1.0		-1		247096		0.00186790784599
1.0		1.0		1.0		-1		247097		0.00179307596077
1.0		1.0		1.0		-1		247098		0.00189869599315
1.0		1.0		1.0		-1		247099		0.00183134233163
1.0		1.0		1.0		-1		247100		0.00201344572144

#***************************************************************************
#
# original cross-section: 0.00186993907437
#     scale variation: +6.67% -6.07%
#     central scheme variation: +7.54% - 0%
# PDF variation: +5.29% -5.29%
#
# dynamical scheme # 1 : 0.00197202 +6.83% -6.22% # \sum ET
# dynamical scheme # 2 : 0.00188457 +6.7% -6.1% # \sum\sqrt{m^2+pt^2}
# dynamical scheme # 3 : 0.0020109 +6.9% -6.28% # 0.5 \sum\sqrt{m^2+pt^2}
# dynamical scheme # 4 : 0.00186994 +6.67% -6.07% # \sqrt{\hat s}
#***************************************************************************
