# mur		muf		alpsfact	dynamical_scale	pdf		cross-section
1.0		1.0		1.0		-1		247000		0.0491322617953
0.5		0.5		1.0		-1		247000		0.0505646598345
0.5		0.5		1.0		1		247000		0.0516582002391
0.5		0.5		1.0		2		247000		0.050818904323
0.5		0.5		1.0		3		247000		0.0521737351986
0.5		0.5		1.0		4		247000		0.0505646598345
0.5		1.0		1.0		-1		247000		0.0491322617953
0.5		1.0		1.0		1		247000		0.0503223776659
0.5		1.0		1.0		2		247000		0.0493826552103
0.5		1.0		1.0		3		247000		0.050818904323
0.5		1.0		1.0		4		247000		0.0491322617953
0.5		2.0		1.0		-1		247000		0.0476707304792
0.5		2.0		1.0		1		247000		0.0489077251527
0.5		2.0		1.0		2		247000		0.0479138298241
0.5		2.0		1.0		3		247000		0.0493826552103
0.5		2.0		1.0		4		247000		0.0476707304793
1.0		0.5		1.0		-1		247000		0.0505646598345
1.0		0.5		1.0		1		247000		0.0516582002391
1.0		0.5		1.0		2		247000		0.050818904323
1.0		0.5		1.0		3		247000		0.0521737351986
1.0		0.5		1.0		4		247000		0.0505646598345
1.0		1.0		1.0		1		247000		0.0503223776659
1.0		1.0		1.0		2		247000		0.0493826552103
1.0		1.0		1.0		3		247000		0.050818904323
1.0		1.0		1.0		4		247000		0.0491322617953
1.0		2.0		1.0		-1		247000		0.0476707304792
1.0		2.0		1.0		1		247000		0.0489077251527
1.0		2.0		1.0		2		247000		0.0479138298241
1.0		2.0		1.0		3		247000		0.0493826552103
1.0		2.0		1.0		4		247000		0.0476707304793
2.0		0.5		1.0		-1		247000		0.0505646598345
2.0		0.5		1.0		1		247000		0.0516582002391
2.0		0.5		1.0		2		247000		0.050818904323
2.0		0.5		1.0		3		247000		0.0521737351986
2.0		0.5		1.0		4		247000		0.0505646598345
2.0		1.0		1.0		-1		247000		0.0491322617953
2.0		1.0		1.0		1		247000		0.0503223776659
2.0		1.0		1.0		2		247000		0.0493826552103
2.0		1.0		1.0		3		247000		0.050818904323
2.0		1.0		1.0		4		247000		0.0491322617953
2.0		2.0		1.0		-1		247000		0.0476707304792
2.0		2.0		1.0		1		247000		0.0489077251527
2.0		2.0		1.0		2		247000		0.0479138298241
2.0		2.0		1.0		3		247000		0.0493826552103
2.0		2.0		1.0		4		247000		0.0476707304793
1.0		1.0		1.0		-1		247000		0.0491322617953
1.0		1.0		1.0		-1		247001		0.0504283311522
1.0		1.0		1.0		-1		247002		0.0482731999679
1.0		1.0		1.0		-1		247003		0.0502013570281
1.0		1.0		1.0		-1		247004		0.0494536695293
1.0		1.0		1.0		-1		247005		0.0427709958074
1.0		1.0		1.0		-1		247006		0.0506324620759
1.0		1.0		1.0		-1		247007		0.0493403163004
1.0		1.0		1.0		-1		247008		0.047330753064
1.0		1.0		1.0		-1		247009		0.0476586088042
1.0		1.0		1.0		-1		247010		0.0489928854447
1.0		1.0		1.0		-1		247011		0.0536450811892
1.0		1.0		1.0		-1		247012		0.0460710366658
1.0		1.0		1.0		-1		247013		0.0474030420369
1.0		1.0		1.0		-1		247014		0.0497162149918
1.0		1.0		1.0		-1		247015		0.0485370449409
1.0		1.0		1.0		-1		247016		0.0487350005153
1.0		1.0		1.0		-1		247017		0.0510412464122
1.0		1.0		1.0		-1		247018		0.0500171040013
1.0		1.0		1.0		-1		247019		0.0467352616106
1.0		1.0		1.0		-1		247020		0.0479957179363
1.0		1.0		1.0		-1		247021		0.0526035134201
1.0		1.0		1.0		-1		247022		0.0525529360776
1.0		1.0		1.0		-1		247023		0.042752904276
1.0		1.0		1.0		-1		247024		0.0476454265758
1.0		1.0		1.0		-1		247025		0.0476576637685
1.0		1.0		1.0		-1		247026		0.0514273453795
1.0		1.0		1.0		-1		247027		0.0465075538468
1.0		1.0		1.0		-1		247028		0.0504421152986
1.0		1.0		1.0		-1		247029		0.0433082938293
1.0		1.0		1.0		-1		247030		0.046986845255
1.0		1.0		1.0		-1		247031		0.0484864487322
1.0		1.0		1.0		-1		247032		0.0510238707253
1.0		1.0		1.0		-1		247033		0.0489235441171
1.0		1.0		1.0		-1		247034		0.0491009658476
1.0		1.0		1.0		-1		247035		0.0518901786339
1.0		1.0		1.0		-1		247036		0.0479208838082
1.0		1.0		1.0		-1		247037		0.0485148537777
1.0		1.0		1.0		-1		247038		0.0494231180645
1.0		1.0		1.0		-1		247039		0.050675317644
1.0		1.0		1.0		-1		247040		0.0497379396979
1.0		1.0		1.0		-1		247041		0.0524200129962
1.0		1.0		1.0		-1		247042		0.0485794205605
1.0		1.0		1.0		-1		247043		0.0495560857974
1.0		1.0		1.0		-1		247044		0.0542590075227
1.0		1.0		1.0		-1		247045		0.0531553637633
1.0		1.0		1.0		-1		247046		0.0519891140595
1.0		1.0		1.0		-1		247047		0.0515489001626
1.0		1.0		1.0		-1		247048		0.0494452694414
1.0		1.0		1.0		-1		247049		0.053730401665
1.0		1.0		1.0		-1		247050		0.0482984592703
1.0		1.0		1.0		-1		247051		0.04843815647
1.0		1.0		1.0		-1		247052		0.0509043024692
1.0		1.0		1.0		-1		247053		0.0512860728392
1.0		1.0		1.0		-1		247054		0.0500448217837
1.0		1.0		1.0		-1		247055		0.0507330296483
1.0		1.0		1.0		-1		247056		0.0457058395
1.0		1.0		1.0		-1		247057		0.0472748802139
1.0		1.0		1.0		-1		247058		0.0478318216388
1.0		1.0		1.0		-1		247059		0.0528469710501
1.0		1.0		1.0		-1		247060		0.0467476627884
1.0		1.0		1.0		-1		247061		0.0498589791974
1.0		1.0		1.0		-1		247062		0.0481180645113
1.0		1.0		1.0		-1		247063		0.0511276960931
1.0		1.0		1.0		-1		247064		0.0506531589867
1.0		1.0		1.0		-1		247065		0.0496400425282
1.0		1.0		1.0		-1		247066		0.048163314042
1.0		1.0		1.0		-1		247067		0.0464342664775
1.0		1.0		1.0		-1		247068		0.0475479415412
1.0		1.0		1.0		-1		247069		0.0493589995722
1.0		1.0		1.0		-1		247070		0.0502047734053
1.0		1.0		1.0		-1		247071		0.0496526392511
1.0		1.0		1.0		-1		247072		0.0491914508841
1.0		1.0		1.0		-1		247073		0.0460129419348
1.0		1.0		1.0		-1		247074		0.0484906796617
1.0		1.0		1.0		-1		247075		0.0485517627194
1.0		1.0		1.0		-1		247076		0.0486460135489
1.0		1.0		1.0		-1		247077		0.050016032588
1.0		1.0		1.0		-1		247078		0.0517276175033
1.0		1.0		1.0		-1		247079		0.0459271735724
1.0		1.0		1.0		-1		247080		0.0429401695097
1.0		1.0		1.0		-1		247081		0.0501656877142
1.0		1.0		1.0		-1		247082		0.0505709202168
1.0		1.0		1.0		-1		247083		0.054576473578
1.0		1.0		1.0		-1		247084		0.0453291256247
1.0		1.0		1.0		-1		247085		0.0481169793796
1.0		1.0		1.0		-1		247086		0.0488905211914
1.0		1.0		1.0		-1		247087		0.0480218064358
1.0		1.0		1.0		-1		247088		0.0503089859461
1.0		1.0		1.0		-1		247089		0.0480440795067
1.0		1.0		1.0		-1		247090		0.0466994635939
1.0		1.0		1.0		-1		247091		0.0449847118796
1.0		1.0		1.0		-1		247092		0.0510773585046
1.0		1.0		1.0		-1		247093		0.0527548802643
1.0		1.0		1.0		-1		247094		0.048890181143
1.0		1.0		1.0		-1		247095		0.044340836571
1.0		1.0		1.0		-1		247096		0.0457417717648
1.0		1.0		1.0		-1		247097		0.0538590131212
1.0		1.0		1.0		-1		247098		0.0491897745273
1.0		1.0		1.0		-1		247099		0.0499186697076
1.0		1.0		1.0		-1		247100		0.0513700074578

#***************************************************************************
#
# original cross-section: 0.0491322617953
#     scale variation: +2.92% -2.97%
#     central scheme variation: +3.43% - 0%
# PDF variation: +5.07% -5.07%
#
# dynamical scheme # 1 : 0.0503224 +2.65% -2.81% # \sum ET
# dynamical scheme # 2 : 0.0493827 +2.91% -2.97% # \sum\sqrt{m^2+pt^2}
# dynamical scheme # 3 : 0.0508189 +2.67% -2.83% # 0.5 \sum\sqrt{m^2+pt^2}
# dynamical scheme # 4 : 0.0491323 +2.92% -2.97% # \sqrt{\hat s}
#***************************************************************************
