# mur		muf		alpsfact	dynamical_scale	pdf		cross-section
1.0		1.0		1.0		-1		247000		0.00513026107557
0.5		0.5		1.0		-1		247000		0.00552523385698
0.5		0.5		1.0		1		247000		0.00588067785831
0.5		0.5		1.0		2		247000		0.00557813796187
0.5		0.5		1.0		3		247000		0.00602831563676
0.5		0.5		1.0		4		247000		0.00552523385692
0.5		1.0		1.0		-1		247000		0.00513026107557
0.5		1.0		1.0		1		247000		0.00544719495253
0.5		1.0		1.0		2		247000		0.00517688033875
0.5		1.0		1.0		3		247000		0.00557813796187
0.5		1.0		1.0		4		247000		0.00513026107552
0.5		2.0		1.0		-1		247000		0.00477675187113
0.5		2.0		1.0		1		247000		0.00506029901888
0.5		2.0		1.0		2		247000		0.00481803241731
0.5		2.0		1.0		3		247000		0.00517688033875
0.5		2.0		1.0		4		247000		0.00477675187108
1.0		0.5		1.0		-1		247000		0.00552523385698
1.0		0.5		1.0		1		247000		0.00588067785831
1.0		0.5		1.0		2		247000		0.00557813796187
1.0		0.5		1.0		3		247000		0.00602831563676
1.0		0.5		1.0		4		247000		0.00552523385692
1.0		1.0		1.0		1		247000		0.00544719495253
1.0		1.0		1.0		2		247000		0.00517688033875
1.0		1.0		1.0		3		247000		0.00557813796187
1.0		1.0		1.0		4		247000		0.00513026107552
1.0		2.0		1.0		-1		247000		0.00477675187113
1.0		2.0		1.0		1		247000		0.00506029901888
1.0		2.0		1.0		2		247000		0.00481803241731
1.0		2.0		1.0		3		247000		0.00517688033875
1.0		2.0		1.0		4		247000		0.00477675187108
2.0		0.5		1.0		-1		247000		0.00552523385698
2.0		0.5		1.0		1		247000		0.00588067785831
2.0		0.5		1.0		2		247000		0.00557813796187
2.0		0.5		1.0		3		247000		0.00602831563676
2.0		0.5		1.0		4		247000		0.00552523385692
2.0		1.0		1.0		-1		247000		0.00513026107557
2.0		1.0		1.0		1		247000		0.00544719495253
2.0		1.0		1.0		2		247000		0.00517688033875
2.0		1.0		1.0		3		247000		0.00557813796187
2.0		1.0		1.0		4		247000		0.00513026107552
2.0		2.0		1.0		-1		247000		0.00477675187113
2.0		2.0		1.0		1		247000		0.00506029901888
2.0		2.0		1.0		2		247000		0.00481803241731
2.0		2.0		1.0		3		247000		0.00517688033875
2.0		2.0		1.0		4		247000		0.00477675187108
1.0		1.0		1.0		-1		247000		0.00513026107557
1.0		1.0		1.0		-1		247001		0.00521531678641
1.0		1.0		1.0		-1		247002		0.00528329989972
1.0		1.0		1.0		-1		247003		0.00477476452964
1.0		1.0		1.0		-1		247004		0.0050850606751
1.0		1.0		1.0		-1		247005		0.00463430463303
1.0		1.0		1.0		-1		247006		0.00469953655152
1.0		1.0		1.0		-1		247007		0.0056824105602
1.0		1.0		1.0		-1		247008		0.00583778368987
1.0		1.0		1.0		-1		247009		0.00524503620653
1.0		1.0		1.0		-1		247010		0.00497835032754
1.0		1.0		1.0		-1		247011		0.00466289876074
1.0		1.0		1.0		-1		247012		0.00441876631538
1.0		1.0		1.0		-1		247013		0.00621558068955
1.0		1.0		1.0		-1		247014		0.00475972754351
1.0		1.0		1.0		-1		247015		0.00515921827136
1.0		1.0		1.0		-1		247016		0.0048377470725
1.0		1.0		1.0		-1		247017		0.00525139669867
1.0		1.0		1.0		-1		247018		0.00534837040226
1.0		1.0		1.0		-1		247019		0.0050415988232
1.0		1.0		1.0		-1		247020		0.00455085745699
1.0		1.0		1.0		-1		247021		0.00454087312428
1.0		1.0		1.0		-1		247022		0.00498979661293
1.0		1.0		1.0		-1		247023		0.00480594654618
1.0		1.0		1.0		-1		247024		0.00502745133859
1.0		1.0		1.0		-1		247025		0.00607761193074
1.0		1.0		1.0		-1		247026		0.00462619375523
1.0		1.0		1.0		-1		247027		0.00471100342978
1.0		1.0		1.0		-1		247028		0.00549821023106
1.0		1.0		1.0		-1		247029		0.00518404788462
1.0		1.0		1.0		-1		247030		0.00486272999847
1.0		1.0		1.0		-1		247031		0.0053121490193
1.0		1.0		1.0		-1		247032		0.00488254947027
1.0		1.0		1.0		-1		247033		0.00499666135132
1.0		1.0		1.0		-1		247034		0.00549866363066
1.0		1.0		1.0		-1		247035		0.00484682544145
1.0		1.0		1.0		-1		247036		0.00593871928041
1.0		1.0		1.0		-1		247037		0.00521812502722
1.0		1.0		1.0		-1		247038		0.0049803060086
1.0		1.0		1.0		-1		247039		0.00505158235014
1.0		1.0		1.0		-1		247040		0.00480124096247
1.0		1.0		1.0		-1		247041		0.00547728615937
1.0		1.0		1.0		-1		247042		0.00555643358001
1.0		1.0		1.0		-1		247043		0.00499265979919
1.0		1.0		1.0		-1		247044		0.00603641645987
1.0		1.0		1.0		-1		247045		0.0056700781675
1.0		1.0		1.0		-1		247046		0.00458084601622
1.0		1.0		1.0		-1		247047		0.00482621628675
1.0		1.0		1.0		-1		247048		0.00521540784794
1.0		1.0		1.0		-1		247049		0.00499371813877
1.0		1.0		1.0		-1		247050		0.00470214739397
1.0		1.0		1.0		-1		247051		0.0050462636613
1.0		1.0		1.0		-1		247052		0.0047244433464
1.0		1.0		1.0		-1		247053		0.00497916800193
1.0		1.0		1.0		-1		247054		0.00594831854799
1.0		1.0		1.0		-1		247055		0.00426857313675
1.0		1.0		1.0		-1		247056		0.00531220258706
1.0		1.0		1.0		-1		247057		0.00547701607284
1.0		1.0		1.0		-1		247058		0.00569665111337
1.0		1.0		1.0		-1		247059		0.00466582176708
1.0		1.0		1.0		-1		247060		0.00533256961558
1.0		1.0		1.0		-1		247061		0.00525847121033
1.0		1.0		1.0		-1		247062		0.00529193974026
1.0		1.0		1.0		-1		247063		0.00471279596554
1.0		1.0		1.0		-1		247064		0.00469429963994
1.0		1.0		1.0		-1		247065		0.00544840608411
1.0		1.0		1.0		-1		247066		0.00511374601054
1.0		1.0		1.0		-1		247067		0.00477652378448
1.0		1.0		1.0		-1		247068		0.00552747943863
1.0		1.0		1.0		-1		247069		0.00475134039542
1.0		1.0		1.0		-1		247070		0.00451088091618
1.0		1.0		1.0		-1		247071		0.0048594514826
1.0		1.0		1.0		-1		247072		0.00463047722452
1.0		1.0		1.0		-1		247073		0.00539862456404
1.0		1.0		1.0		-1		247074		0.00563421123972
1.0		1.0		1.0		-1		247075		0.00523881497968
1.0		1.0		1.0		-1		247076		0.00505508640235
1.0		1.0		1.0		-1		247077		0.00508066789028
1.0		1.0		1.0		-1		247078		0.00506406034477
1.0		1.0		1.0		-1		247079		0.00490790102461
1.0		1.0		1.0		-1		247080		0.00464595688303
1.0		1.0		1.0		-1		247081		0.00522950552002
1.0		1.0		1.0		-1		247082		0.00522925239497
1.0		1.0		1.0		-1		247083		0.00483439223485
1.0		1.0		1.0		-1		247084		0.00547538571248
1.0		1.0		1.0		-1		247085		0.00482620439478
1.0		1.0		1.0		-1		247086		0.00545897754637
1.0		1.0		1.0		-1		247087		0.00484501579478
1.0		1.0		1.0		-1		247088		0.00628946059691
1.0		1.0		1.0		-1		247089		0.00483241065152
1.0		1.0		1.0		-1		247090		0.00454948774819
1.0		1.0		1.0		-1		247091		0.00584902042718
1.0		1.0		1.0		-1		247092		0.0053814769932
1.0		1.0		1.0		-1		247093		0.00507459071865
1.0		1.0		1.0		-1		247094		0.006239700477
1.0		1.0		1.0		-1		247095		0.00508405230226
1.0		1.0		1.0		-1		247096		0.00551728060319
1.0		1.0		1.0		-1		247097		0.00451723738147
1.0		1.0		1.0		-1		247098		0.00527101191535
1.0		1.0		1.0		-1		247099		0.00486474228736
1.0		1.0		1.0		-1		247100		0.00561864169763

#***************************************************************************
#
# original cross-section: 0.00513026107557
#     scale variation: +7.7% -6.89%
#     central scheme variation: +8.73% -9.75e-10%
# PDF variation: +8.47% -8.47%
#
# dynamical scheme # 1 : 0.00544719 +7.96% -7.1% # \sum ET
# dynamical scheme # 2 : 0.00517688 +7.75% -6.93% # \sum\sqrt{m^2+pt^2}
# dynamical scheme # 3 : 0.00557814 +8.07% -7.19% # 0.5 \sum\sqrt{m^2+pt^2}
# dynamical scheme # 4 : 0.00513026 +7.7% -6.89% # \sqrt{\hat s}
#***************************************************************************
