# mur		muf		alpsfact	dynamical_scale	pdf		cross-section
1.0		1.0		1.0		-1		247000		0.0418384497201
0.5		0.5		1.0		-1		247000		0.0430651094747
0.5		0.5		1.0		1		247000		0.0440417570573
0.5		0.5		1.0		2		247000		0.0432783772716
0.5		0.5		1.0		3		247000		0.0444528160664
0.5		0.5		1.0		4		247000		0.043065109475
0.5		1.0		1.0		-1		247000		0.0418384497201
0.5		1.0		1.0		1		247000		0.0428814151209
0.5		1.0		1.0		2		247000		0.0420474010707
0.5		1.0		1.0		3		247000		0.0432783772716
0.5		1.0		1.0		4		247000		0.0418384497204
0.5		2.0		1.0		-1		247000		0.0405947570404
0.5		2.0		1.0		1		247000		0.0416695054189
0.5		2.0		1.0		2		247000		0.0407969762375
0.5		2.0		1.0		3		247000		0.0420474010707
0.5		2.0		1.0		4		247000		0.0405947570406
1.0		0.5		1.0		-1		247000		0.0430651094747
1.0		0.5		1.0		1		247000		0.0440417570573
1.0		0.5		1.0		2		247000		0.0432783772716
1.0		0.5		1.0		3		247000		0.0444528160664
1.0		0.5		1.0		4		247000		0.043065109475
1.0		1.0		1.0		1		247000		0.0428814151209
1.0		1.0		1.0		2		247000		0.0420474010707
1.0		1.0		1.0		3		247000		0.0432783772716
1.0		1.0		1.0		4		247000		0.0418384497204
1.0		2.0		1.0		-1		247000		0.0405947570404
1.0		2.0		1.0		1		247000		0.0416695054189
1.0		2.0		1.0		2		247000		0.0407969762375
1.0		2.0		1.0		3		247000		0.0420474010707
1.0		2.0		1.0		4		247000		0.0405947570406
2.0		0.5		1.0		-1		247000		0.0430651094747
2.0		0.5		1.0		1		247000		0.0440417570573
2.0		0.5		1.0		2		247000		0.0432783772716
2.0		0.5		1.0		3		247000		0.0444528160664
2.0		0.5		1.0		4		247000		0.043065109475
2.0		1.0		1.0		-1		247000		0.0418384497201
2.0		1.0		1.0		1		247000		0.0428814151209
2.0		1.0		1.0		2		247000		0.0420474010707
2.0		1.0		1.0		3		247000		0.0432783772716
2.0		1.0		1.0		4		247000		0.0418384497204
2.0		2.0		1.0		-1		247000		0.0405947570404
2.0		2.0		1.0		1		247000		0.0416695054189
2.0		2.0		1.0		2		247000		0.0407969762375
2.0		2.0		1.0		3		247000		0.0420474010707
2.0		2.0		1.0		4		247000		0.0405947570406
1.0		1.0		1.0		-1		247000		0.0418384497201
1.0		1.0		1.0		-1		247001		0.0426911529267
1.0		1.0		1.0		-1		247002		0.041271214572
1.0		1.0		1.0		-1		247003		0.0409478056416
1.0		1.0		1.0		-1		247004		0.0420854882917
1.0		1.0		1.0		-1		247005		0.0373395317971
1.0		1.0		1.0		-1		247006		0.0412892700053
1.0		1.0		1.0		-1		247007		0.0427817650502
1.0		1.0		1.0		-1		247008		0.0427961925131
1.0		1.0		1.0		-1		247009		0.0410667373816
1.0		1.0		1.0		-1		247010		0.0407287147539
1.0		1.0		1.0		-1		247011		0.0435659547251
1.0		1.0		1.0		-1		247012		0.0391601333195
1.0		1.0		1.0		-1		247013		0.0437432643037
1.0		1.0		1.0		-1		247014		0.0404540161075
1.0		1.0		1.0		-1		247015		0.0418898905237
1.0		1.0		1.0		-1		247016		0.042775625914
1.0		1.0		1.0		-1		247017		0.043325693823
1.0		1.0		1.0		-1		247018		0.0431332996539
1.0		1.0		1.0		-1		247019		0.040582692709
1.0		1.0		1.0		-1		247020		0.0398666611741
1.0		1.0		1.0		-1		247021		0.042297841226
1.0		1.0		1.0		-1		247022		0.0433403431784
1.0		1.0		1.0		-1		247023		0.0368508138967
1.0		1.0		1.0		-1		247024		0.0404410362338
1.0		1.0		1.0		-1		247025		0.0428305093673
1.0		1.0		1.0		-1		247026		0.0418176048851
1.0		1.0		1.0		-1		247027		0.0407223559719
1.0		1.0		1.0		-1		247028		0.0432431198224
1.0		1.0		1.0		-1		247029		0.0384841523211
1.0		1.0		1.0		-1		247030		0.039986266893
1.0		1.0		1.0		-1		247031		0.0424977514664
1.0		1.0		1.0		-1		247032		0.042825123473
1.0		1.0		1.0		-1		247033		0.0420668324335
1.0		1.0		1.0		-1		247034		0.0425177379602
1.0		1.0		1.0		-1		247035		0.0434191375051
1.0		1.0		1.0		-1		247036		0.0429650986311
1.0		1.0		1.0		-1		247037		0.0415725920996
1.0		1.0		1.0		-1		247038		0.0408589744271
1.0		1.0		1.0		-1		247039		0.0424931416908
1.0		1.0		1.0		-1		247040		0.041649212089
1.0		1.0		1.0		-1		247041		0.0440683633102
1.0		1.0		1.0		-1		247042		0.0425885118427
1.0		1.0		1.0		-1		247043		0.0416011944515
1.0		1.0		1.0		-1		247044		0.0463017634564
1.0		1.0		1.0		-1		247045		0.0459135895343
1.0		1.0		1.0		-1		247046		0.0403567747256
1.0		1.0		1.0		-1		247047		0.0429772905171
1.0		1.0		1.0		-1		247048		0.0418046423022
1.0		1.0		1.0		-1		247049		0.0435911769672
1.0		1.0		1.0		-1		247050		0.0407618623418
1.0		1.0		1.0		-1		247051		0.0411281549231
1.0		1.0		1.0		-1		247052		0.0424373783779
1.0		1.0		1.0		-1		247053		0.0423669476142
1.0		1.0		1.0		-1		247054		0.0444009456586
1.0		1.0		1.0		-1		247055		0.0416306054969
1.0		1.0		1.0		-1		247056		0.03912542608
1.0		1.0		1.0		-1		247057		0.0411370231078
1.0		1.0		1.0		-1		247058		0.0420556131713
1.0		1.0		1.0		-1		247059		0.0412519060829
1.0		1.0		1.0		-1		247060		0.0410447999608
1.0		1.0		1.0		-1		247061		0.0433321286634
1.0		1.0		1.0		-1		247062		0.0413442695482
1.0		1.0		1.0		-1		247063		0.0434854801631
1.0		1.0		1.0		-1		247064		0.0421777379551
1.0		1.0		1.0		-1		247065		0.0434615052402
1.0		1.0		1.0		-1		247066		0.042128963223
1.0		1.0		1.0		-1		247067		0.0406815940061
1.0		1.0		1.0		-1		247068		0.0421924820241
1.0		1.0		1.0		-1		247069		0.0411118996023
1.0		1.0		1.0		-1		247070		0.0415537067521
1.0		1.0		1.0		-1		247071		0.0407669847424
1.0		1.0		1.0		-1		247072		0.0407206949514
1.0		1.0		1.0		-1		247073		0.0406657045961
1.0		1.0		1.0		-1		247074		0.0427148204436
1.0		1.0		1.0		-1		247075		0.041775051163
1.0		1.0		1.0		-1		247076		0.0416741912608
1.0		1.0		1.0		-1		247077		0.0421903583809
1.0		1.0		1.0		-1		247078		0.0435783066499
1.0		1.0		1.0		-1		247079		0.0394608730033
1.0		1.0		1.0		-1		247080		0.036818494811
1.0		1.0		1.0		-1		247081		0.0425603803046
1.0		1.0		1.0		-1		247082		0.0424841343042
1.0		1.0		1.0		-1		247083		0.0431139162229
1.0		1.0		1.0		-1		247084		0.0397895060735
1.0		1.0		1.0		-1		247085		0.040591855851
1.0		1.0		1.0		-1		247086		0.0421648542973
1.0		1.0		1.0		-1		247087		0.0402003514739
1.0		1.0		1.0		-1		247088		0.0448291344534
1.0		1.0		1.0		-1		247089		0.0402936972804
1.0		1.0		1.0		-1		247090		0.0395782864451
1.0		1.0		1.0		-1		247091		0.0412476011584
1.0		1.0		1.0		-1		247092		0.0433907397089
1.0		1.0		1.0		-1		247093		0.043074497907
1.0		1.0		1.0		-1		247094		0.0442571819423
1.0		1.0		1.0		-1		247095		0.0395756441769
1.0		1.0		1.0		-1		247096		0.0406188474315
1.0		1.0		1.0		-1		247097		0.0436134806392
1.0		1.0		1.0		-1		247098		0.0424899706313
1.0		1.0		1.0		-1		247099		0.0427419581196
1.0		1.0		1.0		-1		247100		0.0440701745422

#***************************************************************************
#
# original cross-section: 0.0418384497201
#     scale variation: +2.93% -2.97%
#     central scheme variation: +3.44% - 0%
# PDF variation: +3.99% -3.99%
#
# dynamical scheme # 1 : 0.0428814 +2.71% -2.83% # \sum ET
# dynamical scheme # 2 : 0.0420474 +2.93% -2.97% # \sum\sqrt{m^2+pt^2}
# dynamical scheme # 3 : 0.0432784 +2.71% -2.84% # 0.5 \sum\sqrt{m^2+pt^2}
# dynamical scheme # 4 : 0.0418384 +2.93% -2.97% # \sqrt{\hat s}
#***************************************************************************
