# mur		muf		alpsfact	dynamical_scale	pdf		cross-section
1.0		1.0		1.0		-1		247000		0.0123716888645
0.5		0.5		1.0		-1		247000		0.0130887060112
0.5		0.5		1.0		1		247000		0.0137280652815
0.5		0.5		1.0		2		247000		0.013191628145
0.5		0.5		1.0		3		247000		0.0139779934707
0.5		0.5		1.0		4		247000		0.0130887060111
0.5		1.0		1.0		-1		247000		0.0123716888645
0.5		1.0		1.0		1		247000		0.0129644500171
0.5		1.0		1.0		2		247000		0.0124650144816
0.5		1.0		1.0		3		247000		0.013191628145
0.5		1.0		1.0		4		247000		0.0123716888643
0.5		2.0		1.0		-1		247000		0.0117098952406
0.5		2.0		1.0		1		247000		0.0122583721557
0.5		2.0		1.0		2		247000		0.0117946612114
0.5		2.0		1.0		3		247000		0.0124650144816
0.5		2.0		1.0		4		247000		0.0117098952405
1.0		0.5		1.0		-1		247000		0.0130887060112
1.0		0.5		1.0		1		247000		0.0137280652815
1.0		0.5		1.0		2		247000		0.013191628145
1.0		0.5		1.0		3		247000		0.0139779934707
1.0		0.5		1.0		4		247000		0.0130887060111
1.0		1.0		1.0		1		247000		0.0129644500171
1.0		1.0		1.0		2		247000		0.0124650144816
1.0		1.0		1.0		3		247000		0.013191628145
1.0		1.0		1.0		4		247000		0.0123716888643
1.0		2.0		1.0		-1		247000		0.0117098952406
1.0		2.0		1.0		1		247000		0.0122583721557
1.0		2.0		1.0		2		247000		0.0117946612114
1.0		2.0		1.0		3		247000		0.0124650144816
1.0		2.0		1.0		4		247000		0.0117098952405
2.0		0.5		1.0		-1		247000		0.0130887060112
2.0		0.5		1.0		1		247000		0.0137280652815
2.0		0.5		1.0		2		247000		0.013191628145
2.0		0.5		1.0		3		247000		0.0139779934707
2.0		0.5		1.0		4		247000		0.0130887060111
2.0		1.0		1.0		-1		247000		0.0123716888645
2.0		1.0		1.0		1		247000		0.0129644500171
2.0		1.0		1.0		2		247000		0.0124650144816
2.0		1.0		1.0		3		247000		0.013191628145
2.0		1.0		1.0		4		247000		0.0123716888643
2.0		2.0		1.0		-1		247000		0.0117098952406
2.0		2.0		1.0		1		247000		0.0122583721557
2.0		2.0		1.0		2		247000		0.0117946612114
2.0		2.0		1.0		3		247000		0.0124650144816
2.0		2.0		1.0		4		247000		0.0117098952405
1.0		1.0		1.0		-1		247000		0.0123716888645
1.0		1.0		1.0		-1		247001		0.0125410471174
1.0		1.0		1.0		-1		247002		0.0125090982022
1.0		1.0		1.0		-1		247003		0.0116853223459
1.0		1.0		1.0		-1		247004		0.0123630244776
1.0		1.0		1.0		-1		247005		0.0111051930173
1.0		1.0		1.0		-1		247006		0.0115598096798
1.0		1.0		1.0		-1		247007		0.0133953478263
1.0		1.0		1.0		-1		247008		0.0135637072479
1.0		1.0		1.0		-1		247009		0.0124096502713
1.0		1.0		1.0		-1		247010		0.0120409789607
1.0		1.0		1.0		-1		247011		0.0117324313021
1.0		1.0		1.0		-1		247012		0.0110076795323
1.0		1.0		1.0		-1		247013		0.0143541747169
1.0		1.0		1.0		-1		247014		0.0114407719047
1.0		1.0		1.0		-1		247015		0.0124127545501
1.0		1.0		1.0		-1		247016		0.0122438988465
1.0		1.0		1.0		-1		247017		0.0128205271875
1.0		1.0		1.0		-1		247018		0.0129311974954
1.0		1.0		1.0		-1		247019		0.0121595832874
1.0		1.0		1.0		-1		247020		0.0112706945991
1.0		1.0		1.0		-1		247021		0.01150948023
1.0		1.0		1.0		-1		247022		0.0122690093134
1.0		1.0		1.0		-1		247023		0.0112787823467
1.0		1.0		1.0		-1		247024		0.012110562467
1.0		1.0		1.0		-1		247025		0.0139631398137
1.0		1.0		1.0		-1		247026		0.0116612094013
1.0		1.0		1.0		-1		247027		0.0117350716638
1.0		1.0		1.0		-1		247028		0.0130129524668
1.0		1.0		1.0		-1		247029		0.0121082529536
1.0		1.0		1.0		-1		247030		0.0116319773351
1.0		1.0		1.0		-1		247031		0.0128071753196
1.0		1.0		1.0		-1		247032		0.0123188722315
1.0		1.0		1.0		-1		247033		0.0122180598214
1.0		1.0		1.0		-1		247034		0.0130386029571
1.0		1.0		1.0		-1		247035		0.0122622740043
1.0		1.0		1.0		-1		247036		0.0139016831856
1.0		1.0		1.0		-1		247037		0.0124079389065
1.0		1.0		1.0		-1		247038		0.0117995893983
1.0		1.0		1.0		-1		247039		0.012313154726
1.0		1.0		1.0		-1		247040		0.0117517072646
1.0		1.0		1.0		-1		247041		0.01309020842
1.0		1.0		1.0		-1		247042		0.0131074907422
1.0		1.0		1.0		-1		247043		0.0120260904862
1.0		1.0		1.0		-1		247044		0.0142600061211
1.0		1.0		1.0		-1		247045		0.0138820724916
1.0		1.0		1.0		-1		247046		0.0112269031502
1.0		1.0		1.0		-1		247047		0.0119877656065
1.0		1.0		1.0		-1		247048		0.0125125507469
1.0		1.0		1.0		-1		247049		0.0121998364123
1.0		1.0		1.0		-1		247050		0.011624668813
1.0		1.0		1.0		-1		247051		0.0121601055929
1.0		1.0		1.0		-1		247052		0.0117685305654
1.0		1.0		1.0		-1		247053		0.012068336843
1.0		1.0		1.0		-1		247054		0.0140766792458
1.0		1.0		1.0		-1		247055		0.0111338315895
1.0		1.0		1.0		-1		247056		0.0122323495491
1.0		1.0		1.0		-1		247057		0.0128673598992
1.0		1.0		1.0		-1		247058		0.013102606091
1.0		1.0		1.0		-1		247059		0.0112791110176
1.0		1.0		1.0		-1		247060		0.0126113926333
1.0		1.0		1.0		-1		247061		0.0128186021408
1.0		1.0		1.0		-1		247062		0.0125052053082
1.0		1.0		1.0		-1		247063		0.0122184834326
1.0		1.0		1.0		-1		247064		0.0116192991094
1.0		1.0		1.0		-1		247065		0.0131643080967
1.0		1.0		1.0		-1		247066		0.0125169340201
1.0		1.0		1.0		-1		247067		0.0119238356913
1.0		1.0		1.0		-1		247068		0.0131129961063
1.0		1.0		1.0		-1		247069		0.0117158596603
1.0		1.0		1.0		-1		247070		0.0114299267808
1.0		1.0		1.0		-1		247071		0.0117597648256
1.0		1.0		1.0		-1		247072		0.0113667407981
1.0		1.0		1.0		-1		247073		0.0126948564515
1.0		1.0		1.0		-1		247074		0.0131643174426
1.0		1.0		1.0		-1		247075		0.012564516729
1.0		1.0		1.0		-1		247076		0.0121679198159
1.0		1.0		1.0		-1		247077		0.0122467660804
1.0		1.0		1.0		-1		247078		0.0123748712763
1.0		1.0		1.0		-1		247079		0.011693749548
1.0		1.0		1.0		-1		247080		0.010842330414
1.0		1.0		1.0		-1		247081		0.0126326972356
1.0		1.0		1.0		-1		247082		0.0124500775628
1.0		1.0		1.0		-1		247083		0.0119672534608
1.0		1.0		1.0		-1		247084		0.0125264341629
1.0		1.0		1.0		-1		247085		0.0118367349312
1.0		1.0		1.0		-1		247086		0.0129244310827
1.0		1.0		1.0		-1		247087		0.0116316144958
1.0		1.0		1.0		-1		247088		0.0146715594747
1.0		1.0		1.0		-1		247089		0.0117101499082
1.0		1.0		1.0		-1		247090		0.0112715261224
1.0		1.0		1.0		-1		247091		0.0135170734499
1.0		1.0		1.0		-1		247092		0.0127852580791
1.0		1.0		1.0		-1		247093		0.0123653330468
1.0		1.0		1.0		-1		247094		0.0146512484802
1.0		1.0		1.0		-1		247095		0.0121458212857
1.0		1.0		1.0		-1		247096		0.0129504985316
1.0		1.0		1.0		-1		247097		0.0116764042762
1.0		1.0		1.0		-1		247098		0.012632952645
1.0		1.0		1.0		-1		247099		0.0121092984764
1.0		1.0		1.0		-1		247100		0.0133804039604

#***************************************************************************
#
# original cross-section: 0.0123716888645
#     scale variation: +5.8% -5.35%
#     central scheme variation: +6.63% -1.21e-09%
# PDF variation: +6.6% -6.6%
#
# dynamical scheme # 1 : 0.0129645 +5.89% -5.45% # \sum ET
# dynamical scheme # 2 : 0.012465 +5.83% -5.38% # \sum\sqrt{m^2+pt^2}
# dynamical scheme # 3 : 0.0131916 +5.96% -5.51% # 0.5 \sum\sqrt{m^2+pt^2}
# dynamical scheme # 4 : 0.0123717 +5.8% -5.35% # \sqrt{\hat s}
#***************************************************************************
