# mur		muf		alpsfact	dynamical_scale	pdf		cross-section
1.0		1.0		1.0		-1		247000		6.67319824071e-05
0.5		0.5		1.0		-1		247000		7.35996957263e-05
0.5		0.5		1.0		1		247000		7.94361788459e-05
0.5		0.5		1.0		2		247000		7.43284510238e-05
0.5		0.5		1.0		3		247000		8.24100452276e-05
0.5		0.5		1.0		4		247000		7.3599695727e-05
0.5		1.0		1.0		-1		247000		6.67319824071e-05
0.5		1.0		1.0		1		247000		7.17576013871e-05
0.5		1.0		1.0		2		247000		6.73564584746e-05
0.5		1.0		1.0		3		247000		7.43284510238e-05
0.5		1.0		1.0		4		247000		6.67319824077e-05
0.5		2.0		1.0		-1		247000		6.07662843011e-05
0.5		2.0		1.0		1		247000		6.51215324162e-05
0.5		2.0		1.0		2		247000		6.130507073e-05
0.5		2.0		1.0		3		247000		6.73564584746e-05
0.5		2.0		1.0		4		247000		6.07662843017e-05
1.0		0.5		1.0		-1		247000		7.35996957263e-05
1.0		0.5		1.0		1		247000		7.94361788459e-05
1.0		0.5		1.0		2		247000		7.43284510238e-05
1.0		0.5		1.0		3		247000		8.24100452276e-05
1.0		0.5		1.0		4		247000		7.3599695727e-05
1.0		1.0		1.0		1		247000		7.17576013871e-05
1.0		1.0		1.0		2		247000		6.73564584746e-05
1.0		1.0		1.0		3		247000		7.43284510238e-05
1.0		1.0		1.0		4		247000		6.67319824077e-05
1.0		2.0		1.0		-1		247000		6.07662843011e-05
1.0		2.0		1.0		1		247000		6.51215324162e-05
1.0		2.0		1.0		2		247000		6.130507073e-05
1.0		2.0		1.0		3		247000		6.73564584746e-05
1.0		2.0		1.0		4		247000		6.07662843017e-05
2.0		0.5		1.0		-1		247000		7.35996957263e-05
2.0		0.5		1.0		1		247000		7.94361788459e-05
2.0		0.5		1.0		2		247000		7.43284510238e-05
2.0		0.5		1.0		3		247000		8.24100452276e-05
2.0		0.5		1.0		4		247000		7.3599695727e-05
2.0		1.0		1.0		-1		247000		6.67319824071e-05
2.0		1.0		1.0		1		247000		7.17576013871e-05
2.0		1.0		1.0		2		247000		6.73564584746e-05
2.0		1.0		1.0		3		247000		7.43284510238e-05
2.0		1.0		1.0		4		247000		6.67319824077e-05
2.0		2.0		1.0		-1		247000		6.07662843011e-05
2.0		2.0		1.0		1		247000		6.51215324162e-05
2.0		2.0		1.0		2		247000		6.130507073e-05
2.0		2.0		1.0		3		247000		6.73564584746e-05
2.0		2.0		1.0		4		247000		6.07662843017e-05
1.0		1.0		1.0		-1		247000		6.67319824071e-05
1.0		1.0		1.0		-1		247001		6.78025174617e-05
1.0		1.0		1.0		-1		247002		6.85754173684e-05
1.0		1.0		1.0		-1		247003		6.5137293933e-05
1.0		1.0		1.0		-1		247004		6.95159555305e-05
1.0		1.0		1.0		-1		247005		5.97429407459e-05
1.0		1.0		1.0		-1		247006		6.35693599319e-05
1.0		1.0		1.0		-1		247007		7.10831757528e-05
1.0		1.0		1.0		-1		247008		7.23227925072e-05
1.0		1.0		1.0		-1		247009		6.88191698404e-05
1.0		1.0		1.0		-1		247010		7.00879590841e-05
1.0		1.0		1.0		-1		247011		6.16056544129e-05
1.0		1.0		1.0		-1		247012		5.83509642517e-05
1.0		1.0		1.0		-1		247013		7.39492838582e-05
1.0		1.0		1.0		-1		247014		6.95669021367e-05
1.0		1.0		1.0		-1		247015		6.63816764944e-05
1.0		1.0		1.0		-1		247016		5.88392657535e-05
1.0		1.0		1.0		-1		247017		6.64319187658e-05
1.0		1.0		1.0		-1		247018		6.76006889479e-05
1.0		1.0		1.0		-1		247019		6.28163245805e-05
1.0		1.0		1.0		-1		247020		5.5900472143e-05
1.0		1.0		1.0		-1		247021		6.19917364963e-05
1.0		1.0		1.0		-1		247022		6.72161522354e-05
1.0		1.0		1.0		-1		247023		6.33039455531e-05
1.0		1.0		1.0		-1		247024		6.5407446669e-05
1.0		1.0		1.0		-1		247025		7.8764344089e-05
1.0		1.0		1.0		-1		247026		5.95068398181e-05
1.0		1.0		1.0		-1		247027		5.759891146e-05
1.0		1.0		1.0		-1		247028		7.210992105e-05
1.0		1.0		1.0		-1		247029		6.72039867736e-05
1.0		1.0		1.0		-1		247030		6.80319477682e-05
1.0		1.0		1.0		-1		247031		6.61599319915e-05
1.0		1.0		1.0		-1		247032		5.95968724379e-05
1.0		1.0		1.0		-1		247033		6.15032776018e-05
1.0		1.0		1.0		-1		247034		7.14260994955e-05
1.0		1.0		1.0		-1		247035		5.57206826414e-05
1.0		1.0		1.0		-1		247036		7.16253302583e-05
1.0		1.0		1.0		-1		247037		7.21280764328e-05
1.0		1.0		1.0		-1		247038		6.84016317172e-05
1.0		1.0		1.0		-1		247039		6.34049711375e-05
1.0		1.0		1.0		-1		247040		6.2991622897e-05
1.0		1.0		1.0		-1		247041		7.49581120295e-05
1.0		1.0		1.0		-1		247042		7.15043994516e-05
1.0		1.0		1.0		-1		247043		6.83400674666e-05
1.0		1.0		1.0		-1		247044		7.55222087716e-05
1.0		1.0		1.0		-1		247045		7.01498982644e-05
1.0		1.0		1.0		-1		247046		6.4042430654e-05
1.0		1.0		1.0		-1		247047		6.06253822035e-05
1.0		1.0		1.0		-1		247048		6.64152829652e-05
1.0		1.0		1.0		-1		247049		6.89584025266e-05
1.0		1.0		1.0		-1		247050		6.01559663712e-05
1.0		1.0		1.0		-1		247051		6.65662518487e-05
1.0		1.0		1.0		-1		247052		6.02114009107e-05
1.0		1.0		1.0		-1		247053		6.79895222914e-05
1.0		1.0		1.0		-1		247054		7.00136526229e-05
1.0		1.0		1.0		-1		247055		5.5808507376e-05
1.0		1.0		1.0		-1		247056		7.31757663418e-05
1.0		1.0		1.0		-1		247057		7.11924670312e-05
1.0		1.0		1.0		-1		247058		7.2922863219e-05
1.0		1.0		1.0		-1		247059		6.9151403075e-05
1.0		1.0		1.0		-1		247060		6.80428460514e-05
1.0		1.0		1.0		-1		247061		6.49563499939e-05
1.0		1.0		1.0		-1		247062		7.04149673969e-05
1.0		1.0		1.0		-1		247063		5.59239014192e-05
1.0		1.0		1.0		-1		247064		6.59156769334e-05
1.0		1.0		1.0		-1		247065		6.81765724018e-05
1.0		1.0		1.0		-1		247066		6.26652260182e-05
1.0		1.0		1.0		-1		247067		6.05245770124e-05
1.0		1.0		1.0		-1		247068		7.1559792832e-05
1.0		1.0		1.0		-1		247069		6.2215989864e-05
1.0		1.0		1.0		-1		247070		5.77001542592e-05
1.0		1.0		1.0		-1		247071		7.21374261911e-05
1.0		1.0		1.0		-1		247072		6.02670567871e-05
1.0		1.0		1.0		-1		247073		6.84944648813e-05
1.0		1.0		1.0		-1		247074		7.3347672919e-05
1.0		1.0		1.0		-1		247075		6.598889807e-05
1.0		1.0		1.0		-1		247076		6.94145645856e-05
1.0		1.0		1.0		-1		247077		6.53342810319e-05
1.0		1.0		1.0		-1		247078		6.7819513181e-05
1.0		1.0		1.0		-1		247079		6.62494016053e-05
1.0		1.0		1.0		-1		247080		6.62707579233e-05
1.0		1.0		1.0		-1		247081		6.66487342564e-05
1.0		1.0		1.0		-1		247082		6.98213921787e-05
1.0		1.0		1.0		-1		247083		6.64814479938e-05
1.0		1.0		1.0		-1		247084		7.26486016312e-05
1.0		1.0		1.0		-1		247085		6.10466641713e-05
1.0		1.0		1.0		-1		247086		6.60021846875e-05
1.0		1.0		1.0		-1		247087		6.54697340417e-05
1.0		1.0		1.0		-1		247088		7.68958358718e-05
1.0		1.0		1.0		-1		247089		6.57400569965e-05
1.0		1.0		1.0		-1		247090		5.93814623681e-05
1.0		1.0		1.0		-1		247091		7.37645627218e-05
1.0		1.0		1.0		-1		247092		7.1621514191e-05
1.0		1.0		1.0		-1		247093		6.75227645729e-05
1.0		1.0		1.0		-1		247094		7.38687618679e-05
1.0		1.0		1.0		-1		247095		6.23715485452e-05
1.0		1.0		1.0		-1		247096		7.0454678363e-05
1.0		1.0		1.0		-1		247097		5.62403209514e-05
1.0		1.0		1.0		-1		247098		6.90164278735e-05
1.0		1.0		1.0		-1		247099		6.14771993334e-05
1.0		1.0		1.0		-1		247100		7.16791248704e-05

#***************************************************************************
#
# original cross-section: 6.67319824071e-05
#     scale variation: +10.3% -8.94%
#     central scheme variation: +11.4% - 0%
# PDF variation: +7.83% -7.83%
#
# dynamical scheme # 1 : 7.17576e-05 +10.7% -9.25% # \sum ET
# dynamical scheme # 2 : 6.73565e-05 +10.4% -8.98% # \sum\sqrt{m^2+pt^2}
# dynamical scheme # 3 : 7.43285e-05 +10.9% -9.38% # 0.5 \sum\sqrt{m^2+pt^2}
# dynamical scheme # 4 : 6.6732e-05 +10.3% -8.94% # \sqrt{\hat s}
#***************************************************************************
