# mur		muf		alpsfact	dynamical_scale	pdf		cross-section
1.0		1.0		1.0		-1		247000		0.00259252232107
0.5		0.5		1.0		-1		247000		0.00281214319709
0.5		0.5		1.0		1		247000		0.00300525158781
0.5		0.5		1.0		2		247000		0.00283940358489
0.5		0.5		1.0		3		247000		0.00309255416836
0.5		0.5		1.0		4		247000		0.00281214319717
0.5		1.0		1.0		-1		247000		0.00259252232107
0.5		1.0		1.0		1		247000		0.00276262207017
0.5		1.0		1.0		2		247000		0.00261632105865
0.5		1.0		1.0		3		247000		0.00283940358489
0.5		1.0		1.0		4		247000		0.00259252232114
0.5		2.0		1.0		-1		247000		0.00239793951057
0.5		2.0		1.0		1		247000		0.00254847941527
0.5		2.0		1.0		2		247000		0.00241883426009
0.5		2.0		1.0		3		247000		0.00261632105865
0.5		2.0		1.0		4		247000		0.00239793951063
1.0		0.5		1.0		-1		247000		0.00281214319709
1.0		0.5		1.0		1		247000		0.00300525158781
1.0		0.5		1.0		2		247000		0.00283940358489
1.0		0.5		1.0		3		247000		0.00309255416836
1.0		0.5		1.0		4		247000		0.00281214319717
1.0		1.0		1.0		1		247000		0.00276262207017
1.0		1.0		1.0		2		247000		0.00261632105865
1.0		1.0		1.0		3		247000		0.00283940358489
1.0		1.0		1.0		4		247000		0.00259252232114
1.0		2.0		1.0		-1		247000		0.00239793951057
1.0		2.0		1.0		1		247000		0.00254847941527
1.0		2.0		1.0		2		247000		0.00241883426009
1.0		2.0		1.0		3		247000		0.00261632105865
1.0		2.0		1.0		4		247000		0.00239793951063
2.0		0.5		1.0		-1		247000		0.00281214319709
2.0		0.5		1.0		1		247000		0.00300525158781
2.0		0.5		1.0		2		247000		0.00283940358489
2.0		0.5		1.0		3		247000		0.00309255416836
2.0		0.5		1.0		4		247000		0.00281214319717
2.0		1.0		1.0		-1		247000		0.00259252232107
2.0		1.0		1.0		1		247000		0.00276262207017
2.0		1.0		1.0		2		247000		0.00261632105865
2.0		1.0		1.0		3		247000		0.00283940358489
2.0		1.0		1.0		4		247000		0.00259252232114
2.0		2.0		1.0		-1		247000		0.00239793951057
2.0		2.0		1.0		1		247000		0.00254847941527
2.0		2.0		1.0		2		247000		0.00241883426009
2.0		2.0		1.0		3		247000		0.00261632105865
2.0		2.0		1.0		4		247000		0.00239793951063
1.0		1.0		1.0		-1		247000		0.00259252232107
1.0		1.0		1.0		-1		247001		0.00263227493812
1.0		1.0		1.0		-1		247002		0.00269877773741
1.0		1.0		1.0		-1		247003		0.00239605645777
1.0		1.0		1.0		-1		247004		0.00255383081899
1.0		1.0		1.0		-1		247005		0.00236843671837
1.0		1.0		1.0		-1		247006		0.00236043542978
1.0		1.0		1.0		-1		247007		0.00290003613364
1.0		1.0		1.0		-1		247008		0.00301191696753
1.0		1.0		1.0		-1		247009		0.00268037370698
1.0		1.0		1.0		-1		247010		0.00252169310771
1.0		1.0		1.0		-1		247011		0.00230976693765
1.0		1.0		1.0		-1		247012		0.00219785895791
1.0		1.0		1.0		-1		247013		0.00320237821527
1.0		1.0		1.0		-1		247014		0.00241209918366
1.0		1.0		1.0		-1		247015		0.0026066394928
1.0		1.0		1.0		-1		247016		0.0023802444319
1.0		1.0		1.0		-1		247017		0.00263315324192
1.0		1.0		1.0		-1		247018		0.00269667855955
1.0		1.0		1.0		-1		247019		0.00255671520804
1.0		1.0		1.0		-1		247020		0.00227265060206
1.0		1.0		1.0		-1		247021		0.00223287423992
1.0		1.0		1.0		-1		247022		0.00248553258984
1.0		1.0		1.0		-1		247023		0.00246699893563
1.0		1.0		1.0		-1		247024		0.0025421712104
1.0		1.0		1.0		-1		247025		0.00314441223467
1.0		1.0		1.0		-1		247026		0.00227894973309
1.0		1.0		1.0		-1		247027		0.0023381104292
1.0		1.0		1.0		-1		247028		0.00280212333118
1.0		1.0		1.0		-1		247029		0.00266901905792
1.0		1.0		1.0		-1		247030		0.0024802475959
1.0		1.0		1.0		-1		247031		0.00268949189124
1.0		1.0		1.0		-1		247032		0.00240367309203
1.0		1.0		1.0		-1		247033		0.00251206432384
1.0		1.0		1.0		-1		247034		0.00280595525942
1.0		1.0		1.0		-1		247035		0.00238177587152
1.0		1.0		1.0		-1		247036		0.00303790006814
1.0		1.0		1.0		-1		247037		0.00266662428595
1.0		1.0		1.0		-1		247038		0.00254178903453
1.0		1.0		1.0		-1		247039		0.00253062086424
1.0		1.0		1.0		-1		247040		0.00241252518261
1.0		1.0		1.0		-1		247041		0.00276057163946
1.0		1.0		1.0		-1		247042		0.00284620983323
1.0		1.0		1.0		-1		247043		0.00253324777535
1.0		1.0		1.0		-1		247044		0.00305399112703
1.0		1.0		1.0		-1		247045		0.00282549684446
1.0		1.0		1.0		-1		247046		0.00230068087486
1.0		1.0		1.0		-1		247047		0.00239728386698
1.0		1.0		1.0		-1		247048		0.00264199145786
1.0		1.0		1.0		-1		247049		0.00250074465954
1.0		1.0		1.0		-1		247050		0.00234676590214
1.0		1.0		1.0		-1		247051		0.00254797613643
1.0		1.0		1.0		-1		247052		0.00235049270034
1.0		1.0		1.0		-1		247053		0.00250592032845
1.0		1.0		1.0		-1		247054		0.0030306453058
1.0		1.0		1.0		-1		247055		0.00207201075746
1.0		1.0		1.0		-1		247056		0.00275138138264
1.0		1.0		1.0		-1		247057		0.00280054718002
1.0		1.0		1.0		-1		247058		0.00294624640061
1.0		1.0		1.0		-1		247059		0.00235935012253
1.0		1.0		1.0		-1		247060		0.002722961346
1.0		1.0		1.0		-1		247061		0.00263305683768
1.0		1.0		1.0		-1		247062		0.00271088010067
1.0		1.0		1.0		-1		247063		0.00228554484731
1.0		1.0		1.0		-1		247064		0.00235378217244
1.0		1.0		1.0		-1		247065		0.00274222335094
1.0		1.0		1.0		-1		247066		0.00256376494078
1.0		1.0		1.0		-1		247067		0.00237108673233
1.0		1.0		1.0		-1		247068		0.00281186186217
1.0		1.0		1.0		-1		247069		0.00237627303817
1.0		1.0		1.0		-1		247070		0.00222791808154
1.0		1.0		1.0		-1		247071		0.00245838199542
1.0		1.0		1.0		-1		247072		0.00232551271832
1.0		1.0		1.0		-1		247073		0.00276268472997
1.0		1.0		1.0		-1		247074		0.00288920318606
1.0		1.0		1.0		-1		247075		0.00265466150381
1.0		1.0		1.0		-1		247076		0.00256164097705
1.0		1.0		1.0		-1		247077		0.00256868596278
1.0		1.0		1.0		-1		247078		0.00255057722688
1.0		1.0		1.0		-1		247079		0.00249558350354
1.0		1.0		1.0		-1		247080		0.00240073481156
1.0		1.0		1.0		-1		247081		0.00263169569032
1.0		1.0		1.0		-1		247082		0.00266058834926
1.0		1.0		1.0		-1		247083		0.00241097843648
1.0		1.0		1.0		-1		247084		0.00285491922737
1.0		1.0		1.0		-1		247085		0.00241552933585
1.0		1.0		1.0		-1		247086		0.00278024655923
1.0		1.0		1.0		-1		247087		0.00244996781906
1.0		1.0		1.0		-1		247088		0.00320702157698
1.0		1.0		1.0		-1		247089		0.00244483960782
1.0		1.0		1.0		-1		247090		0.00227383166411
1.0		1.0		1.0		-1		247091		0.00301773740558
1.0		1.0		1.0		-1		247092		0.00273758687524
1.0		1.0		1.0		-1		247093		0.00254411683688
1.0		1.0		1.0		-1		247094		0.00316681837934
1.0		1.0		1.0		-1		247095		0.00259211884769
1.0		1.0		1.0		-1		247096		0.002828093799
1.0		1.0		1.0		-1		247097		0.00220510747064
1.0		1.0		1.0		-1		247098		0.00267157992101
1.0		1.0		1.0		-1		247099		0.00241259674371
1.0		1.0		1.0		-1		247100		0.00284708360552

#***************************************************************************
#
# original cross-section: 0.00259252232107
#     scale variation: +8.47% -7.51%
#     central scheme variation: +9.52% - 0%
# PDF variation: +9.44% -9.44%
#
# dynamical scheme # 1 : 0.00276262 +8.78% -7.75% # \sum ET
# dynamical scheme # 2 : 0.00261632 +8.53% -7.55% # \sum\sqrt{m^2+pt^2}
# dynamical scheme # 3 : 0.0028394 +8.92% -7.86% # 0.5 \sum\sqrt{m^2+pt^2}
# dynamical scheme # 4 : 0.00259252 +8.47% -7.51% # \sqrt{\hat s}
#***************************************************************************
