# mur		muf		alpsfact	dynamical_scale	pdf		cross-section
1.0		1.0		1.0		-1		247000		0.00046795962615
0.5		0.5		1.0		-1		247000		0.000506400569874
0.5		0.5		1.0		1		247000		0.000541298097419
0.5		0.5		1.0		2		247000		0.000511240487647
0.5		0.5		1.0		3		247000		0.000555231226623
0.5		0.5		1.0		4		247000		0.000506400569858
0.5		1.0		1.0		-1		247000		0.00046795962615
0.5		1.0		1.0		1		247000		0.0004988744623
0.5		1.0		1.0		2		247000		0.000472206946299
0.5		1.0		1.0		3		247000		0.000511240487647
0.5		1.0		1.0		4		247000		0.000467959626135
0.5		2.0		1.0		-1		247000		0.000433715351772
0.5		2.0		1.0		1		247000		0.000461199260367
0.5		2.0		1.0		2		247000		0.000437460152918
0.5		2.0		1.0		3		247000		0.000472206946299
0.5		2.0		1.0		4		247000		0.000433715351759
1.0		0.5		1.0		-1		247000		0.000506400569874
1.0		0.5		1.0		1		247000		0.000541298097419
1.0		0.5		1.0		2		247000		0.000511240487647
1.0		0.5		1.0		3		247000		0.000555231226623
1.0		0.5		1.0		4		247000		0.000506400569858
1.0		1.0		1.0		1		247000		0.0004988744623
1.0		1.0		1.0		2		247000		0.000472206946299
1.0		1.0		1.0		3		247000		0.000511240487647
1.0		1.0		1.0		4		247000		0.000467959626135
1.0		2.0		1.0		-1		247000		0.000433715351772
1.0		2.0		1.0		1		247000		0.000461199260367
1.0		2.0		1.0		2		247000		0.000437460152918
1.0		2.0		1.0		3		247000		0.000472206946299
1.0		2.0		1.0		4		247000		0.000433715351759
2.0		0.5		1.0		-1		247000		0.000506400569874
2.0		0.5		1.0		1		247000		0.000541298097419
2.0		0.5		1.0		2		247000		0.000511240487647
2.0		0.5		1.0		3		247000		0.000555231226623
2.0		0.5		1.0		4		247000		0.000506400569858
2.0		1.0		1.0		-1		247000		0.00046795962615
2.0		1.0		1.0		1		247000		0.0004988744623
2.0		1.0		1.0		2		247000		0.000472206946299
2.0		1.0		1.0		3		247000		0.000511240487647
2.0		1.0		1.0		4		247000		0.000467959626135
2.0		2.0		1.0		-1		247000		0.000433715351772
2.0		2.0		1.0		1		247000		0.000461199260367
2.0		2.0		1.0		2		247000		0.000437460152918
2.0		2.0		1.0		3		247000		0.000472206946299
2.0		2.0		1.0		4		247000		0.000433715351759
1.0		1.0		1.0		-1		247000		0.00046795962615
1.0		1.0		1.0		-1		247001		0.000482468068554
1.0		1.0		1.0		-1		247002		0.000471234818521
1.0		1.0		1.0		-1		247003		0.000454232934742
1.0		1.0		1.0		-1		247004		0.00048862536818
1.0		1.0		1.0		-1		247005		0.000405260428637
1.0		1.0		1.0		-1		247006		0.000444011498174
1.0		1.0		1.0		-1		247007		0.000495686199053
1.0		1.0		1.0		-1		247008		0.000496213655884
1.0		1.0		1.0		-1		247009		0.000469798770028
1.0		1.0		1.0		-1		247010		0.000465643311592
1.0		1.0		1.0		-1		247011		0.000449753508885
1.0		1.0		1.0		-1		247012		0.000413261672368
1.0		1.0		1.0		-1		247013		0.000519190492738
1.0		1.0		1.0		-1		247014		0.000474983227224
1.0		1.0		1.0		-1		247015		0.000471341367322
1.0		1.0		1.0		-1		247016		0.00043483358573
1.0		1.0		1.0		-1		247017		0.000473166080623
1.0		1.0		1.0		-1		247018		0.000481779014886
1.0		1.0		1.0		-1		247019		0.000438024695869
1.0		1.0		1.0		-1		247020		0.000407713155838
1.0		1.0		1.0		-1		247021		0.000446723989539
1.0		1.0		1.0		-1		247022		0.000486461845506
1.0		1.0		1.0		-1		247023		0.000429334217342
1.0		1.0		1.0		-1		247024		0.000455135195507
1.0		1.0		1.0		-1		247025		0.000530104809573
1.0		1.0		1.0		-1		247026		0.000433217645334
1.0		1.0		1.0		-1		247027		0.000424494459674
1.0		1.0		1.0		-1		247028		0.000501749974654
1.0		1.0		1.0		-1		247029		0.000449816199543
1.0		1.0		1.0		-1		247030		0.000452394588922
1.0		1.0		1.0		-1		247031		0.000465808643256
1.0		1.0		1.0		-1		247032		0.000443730328676
1.0		1.0		1.0		-1		247033		0.000442777711865
1.0		1.0		1.0		-1		247034		0.000488085935429
1.0		1.0		1.0		-1		247035		0.000425830002022
1.0		1.0		1.0		-1		247036		0.000500407310298
1.0		1.0		1.0		-1		247037		0.000484151480232
1.0		1.0		1.0		-1		247038		0.000472007177525
1.0		1.0		1.0		-1		247039		0.000465161799316
1.0		1.0		1.0		-1		247040		0.00045445838453
1.0		1.0		1.0		-1		247041		0.000531679562798
1.0		1.0		1.0		-1		247042		0.000489958341112
1.0		1.0		1.0		-1		247043		0.000466369357528
1.0		1.0		1.0		-1		247044		0.000548953271741
1.0		1.0		1.0		-1		247045		0.000510596913687
1.0		1.0		1.0		-1		247046		0.000437977650591
1.0		1.0		1.0		-1		247047		0.000451266364207
1.0		1.0		1.0		-1		247048		0.000466694465352
1.0		1.0		1.0		-1		247049		0.00049279128206
1.0		1.0		1.0		-1		247050		0.000433631469727
1.0		1.0		1.0		-1		247051		0.000465034339068
1.0		1.0		1.0		-1		247052		0.000446081878185
1.0		1.0		1.0		-1		247053		0.000481354423251
1.0		1.0		1.0		-1		247054		0.000495697430614
1.0		1.0		1.0		-1		247055		0.00040385725674
1.0		1.0		1.0		-1		247056		0.000481679421709
1.0		1.0		1.0		-1		247057		0.000487821366229
1.0		1.0		1.0		-1		247058		0.000502214350859
1.0		1.0		1.0		-1		247059		0.000471103867088
1.0		1.0		1.0		-1		247060		0.000470230682152
1.0		1.0		1.0		-1		247061		0.000471381275016
1.0		1.0		1.0		-1		247062		0.000478137704061
1.0		1.0		1.0		-1		247063		0.000426765552632
1.0		1.0		1.0		-1		247064		0.00046270573643
1.0		1.0		1.0		-1		247065		0.000482294608238
1.0		1.0		1.0		-1		247066		0.000449496227077
1.0		1.0		1.0		-1		247067		0.000429116095461
1.0		1.0		1.0		-1		247068		0.000492704877476
1.0		1.0		1.0		-1		247069		0.00044360859458
1.0		1.0		1.0		-1		247070		0.000418539332112
1.0		1.0		1.0		-1		247071		0.000481787949705
1.0		1.0		1.0		-1		247072		0.00043107026216
1.0		1.0		1.0		-1		247073		0.000472881403478
1.0		1.0		1.0		-1		247074		0.000507844004836
1.0		1.0		1.0		-1		247075		0.000466492305005
1.0		1.0		1.0		-1		247076		0.000475341051647
1.0		1.0		1.0		-1		247077		0.000464037644012
1.0		1.0		1.0		-1		247078		0.000480146620706
1.0		1.0		1.0		-1		247079		0.00045506839218
1.0		1.0		1.0		-1		247080		0.00043650567019
1.0		1.0		1.0		-1		247081		0.000474531975715
1.0		1.0		1.0		-1		247082		0.000486971701013
1.0		1.0		1.0		-1		247083		0.000467216093328
1.0		1.0		1.0		-1		247084		0.000476316456497
1.0		1.0		1.0		-1		247085		0.000433202338021
1.0		1.0		1.0		-1		247086		0.000473484077835
1.0		1.0		1.0		-1		247087		0.000457850439619
1.0		1.0		1.0		-1		247088		0.000546537881485
1.0		1.0		1.0		-1		247089		0.000450603285543
1.0		1.0		1.0		-1		247090		0.000421786296917
1.0		1.0		1.0		-1		247091		0.000498451518988
1.0		1.0		1.0		-1		247092		0.000498748819076
1.0		1.0		1.0		-1		247093		0.000479407571219
1.0		1.0		1.0		-1		247094		0.000530892785979
1.0		1.0		1.0		-1		247095		0.000430787140661
1.0		1.0		1.0		-1		247096		0.000478278260478
1.0		1.0		1.0		-1		247097		0.000418962834595
1.0		1.0		1.0		-1		247098		0.000482273031798
1.0		1.0		1.0		-1		247099		0.000452829755038
1.0		1.0		1.0		-1		247100		0.000506337052726

#***************************************************************************
#
# original cross-section: 0.00046795962615
#     scale variation: +8.21% -7.32%
#     central scheme variation: +9.25% -3.21e-09%
# PDF variation: +6.52% -6.52%
#
# dynamical scheme # 1 : 0.000498874 +8.5% -7.55% # \sum ET
# dynamical scheme # 2 : 0.000472207 +8.27% -7.36% # \sum\sqrt{m^2+pt^2}
# dynamical scheme # 3 : 0.00051124 +8.6% -7.64% # 0.5 \sum\sqrt{m^2+pt^2}
# dynamical scheme # 4 : 0.00046796 +8.21% -7.32% # \sqrt{\hat s}
#***************************************************************************
