# mur		muf		alpsfact	dynamical_scale	pdf		cross-section
1.0		1.0		1.0		-1		247000		0.250644814074
0.5		0.5		1.0		-1		247000		0.252307432579
0.5		0.5		1.0		1		247000		0.251611054585
0.5		0.5		1.0		2		247000		0.252854931519
0.5		0.5		1.0		3		247000		0.253088969275
0.5		0.5		1.0		4		247000		0.25230743258
0.5		1.0		1.0		-1		247000		0.250644814074
0.5		1.0		1.0		1		247000		0.25131343871
0.5		1.0		1.0		2		247000		0.251293163214
0.5		1.0		1.0		3		247000		0.252854931519
0.5		1.0		1.0		4		247000		0.250644814075
0.5		2.0		1.0		-1		247000		0.248036383622
0.5		2.0		1.0		1		247000		0.249736202345
0.5		2.0		1.0		2		247000		0.248748191614
0.5		2.0		1.0		3		247000		0.251293163214
0.5		2.0		1.0		4		247000		0.248036383623
1.0		0.5		1.0		-1		247000		0.252307432579
1.0		0.5		1.0		1		247000		0.251611054585
1.0		0.5		1.0		2		247000		0.252854931519
1.0		0.5		1.0		3		247000		0.253088969275
1.0		0.5		1.0		4		247000		0.25230743258
1.0		1.0		1.0		1		247000		0.25131343871
1.0		1.0		1.0		2		247000		0.251293163214
1.0		1.0		1.0		3		247000		0.252854931519
1.0		1.0		1.0		4		247000		0.250644814075
1.0		2.0		1.0		-1		247000		0.248036383622
1.0		2.0		1.0		1		247000		0.249736202345
1.0		2.0		1.0		2		247000		0.248748191614
1.0		2.0		1.0		3		247000		0.251293163214
1.0		2.0		1.0		4		247000		0.248036383623
2.0		0.5		1.0		-1		247000		0.252307432579
2.0		0.5		1.0		1		247000		0.251611054585
2.0		0.5		1.0		2		247000		0.252854931519
2.0		0.5		1.0		3		247000		0.253088969275
2.0		0.5		1.0		4		247000		0.25230743258
2.0		1.0		1.0		-1		247000		0.250644814074
2.0		1.0		1.0		1		247000		0.25131343871
2.0		1.0		1.0		2		247000		0.251293163214
2.0		1.0		1.0		3		247000		0.252854931519
2.0		1.0		1.0		4		247000		0.250644814075
2.0		2.0		1.0		-1		247000		0.248036383622
2.0		2.0		1.0		1		247000		0.249736202345
2.0		2.0		1.0		2		247000		0.248748191614
2.0		2.0		1.0		3		247000		0.251293163214
2.0		2.0		1.0		4		247000		0.248036383623
1.0		1.0		1.0		-1		247000		0.250644814074
1.0		1.0		1.0		-1		247001		0.255830794156
1.0		1.0		1.0		-1		247002		0.245887761469
1.0		1.0		1.0		-1		247003		0.254970879528
1.0		1.0		1.0		-1		247004		0.248429947332
1.0		1.0		1.0		-1		247005		0.22322419639
1.0		1.0		1.0		-1		247006		0.25818025075
1.0		1.0		1.0		-1		247007		0.249725972522
1.0		1.0		1.0		-1		247008		0.243418902218
1.0		1.0		1.0		-1		247009		0.244238698915
1.0		1.0		1.0		-1		247010		0.248167050356
1.0		1.0		1.0		-1		247011		0.27416596905
1.0		1.0		1.0		-1		247012		0.23915119816
1.0		1.0		1.0		-1		247013		0.242885823817
1.0		1.0		1.0		-1		247014		0.248842708559
1.0		1.0		1.0		-1		247015		0.247452061963
1.0		1.0		1.0		-1		247016		0.254411071763
1.0		1.0		1.0		-1		247017		0.2596538228
1.0		1.0		1.0		-1		247018		0.253891411359
1.0		1.0		1.0		-1		247019		0.242666259188
1.0		1.0		1.0		-1		247020		0.250050637012
1.0		1.0		1.0		-1		247021		0.265807474366
1.0		1.0		1.0		-1		247022		0.265310144982
1.0		1.0		1.0		-1		247023		0.219691451926
1.0		1.0		1.0		-1		247024		0.241949671581
1.0		1.0		1.0		-1		247025		0.240354677207
1.0		1.0		1.0		-1		247026		0.262392251382
1.0		1.0		1.0		-1		247027		0.243008682976
1.0		1.0		1.0		-1		247028		0.256633574885
1.0		1.0		1.0		-1		247029		0.22343678347
1.0		1.0		1.0		-1		247030		0.241390633732
1.0		1.0		1.0		-1		247031		0.250247551056
1.0		1.0		1.0		-1		247032		0.259674739873
1.0		1.0		1.0		-1		247033		0.253912212126
1.0		1.0		1.0		-1		247034		0.249990110008
1.0		1.0		1.0		-1		247035		0.268370340778
1.0		1.0		1.0		-1		247036		0.24400864245
1.0		1.0		1.0		-1		247037		0.24677222049
1.0		1.0		1.0		-1		247038		0.251011676346
1.0		1.0		1.0		-1		247039		0.257272980406
1.0		1.0		1.0		-1		247040		0.254855112193
1.0		1.0		1.0		-1		247041		0.25902762237
1.0		1.0		1.0		-1		247042		0.24821482975
1.0		1.0		1.0		-1		247043		0.25393368347
1.0		1.0		1.0		-1		247044		0.267809921007
1.0		1.0		1.0		-1		247045		0.266886238525
1.0		1.0		1.0		-1		247046		0.263039385479
1.0		1.0		1.0		-1		247047		0.264796715129
1.0		1.0		1.0		-1		247048		0.252020151343
1.0		1.0		1.0		-1		247049		0.271342959639
1.0		1.0		1.0		-1		247050		0.248587025434
1.0		1.0		1.0		-1		247051		0.246480233214
1.0		1.0		1.0		-1		247052		0.261664203968
1.0		1.0		1.0		-1		247053		0.259879783593
1.0		1.0		1.0		-1		247054		0.255522932123
1.0		1.0		1.0		-1		247055		0.262821649958
1.0		1.0		1.0		-1		247056		0.229462883492
1.0		1.0		1.0		-1		247057		0.238715856199
1.0		1.0		1.0		-1		247058		0.242302006557
1.0		1.0		1.0		-1		247059		0.264808954088
1.0		1.0		1.0		-1		247060		0.240836511398
1.0		1.0		1.0		-1		247061		0.256612583778
1.0		1.0		1.0		-1		247062		0.24576467436
1.0		1.0		1.0		-1		247063		0.264407986542
1.0		1.0		1.0		-1		247064		0.257803152662
1.0		1.0		1.0		-1		247065		0.254212319607
1.0		1.0		1.0		-1		247066		0.249206504069
1.0		1.0		1.0		-1		247067		0.241502736522
1.0		1.0		1.0		-1		247068		0.242882083803
1.0		1.0		1.0		-1		247069		0.252421334818
1.0		1.0		1.0		-1		247070		0.260020060723
1.0		1.0		1.0		-1		247071		0.248066999768
1.0		1.0		1.0		-1		247072		0.254005111798
1.0		1.0		1.0		-1		247073		0.235028011073
1.0		1.0		1.0		-1		247074		0.24647494938
1.0		1.0		1.0		-1		247075		0.24915594564
1.0		1.0		1.0		-1		247076		0.247470364768
1.0		1.0		1.0		-1		247077		0.25640261348
1.0		1.0		1.0		-1		247078		0.264514062495
1.0		1.0		1.0		-1		247079		0.234488389361
1.0		1.0		1.0		-1		247080		0.22098458513
1.0		1.0		1.0		-1		247081		0.255257587892
1.0		1.0		1.0		-1		247082		0.256508580904
1.0		1.0		1.0		-1		247083		0.274172326126
1.0		1.0		1.0		-1		247084		0.232109568602
1.0		1.0		1.0		-1		247085		0.247567854458
1.0		1.0		1.0		-1		247086		0.25004905872
1.0		1.0		1.0		-1		247087		0.244830431929
1.0		1.0		1.0		-1		247088		0.249645370903
1.0		1.0		1.0		-1		247089		0.24695493286
1.0		1.0		1.0		-1		247090		0.240493581797
1.0		1.0		1.0		-1		247091		0.22961486925
1.0		1.0		1.0		-1		247092		0.258713907133
1.0		1.0		1.0		-1		247093		0.264998693289
1.0		1.0		1.0		-1		247094		0.243622679862
1.0		1.0		1.0		-1		247095		0.232326045958
1.0		1.0		1.0		-1		247096		0.233844373763
1.0		1.0		1.0		-1		247097		0.28079109031
1.0		1.0		1.0		-1		247098		0.251039159302
1.0		1.0		1.0		-1		247099		0.257206254338
1.0		1.0		1.0		-1		247100		0.259263143444

#***************************************************************************
#
# original cross-section: 0.250644814074
#     scale variation: +0.663% -1.04%
#     central scheme variation: +0.882% - 0%
# PDF variation: +4.68% -4.68%
#
# dynamical scheme # 1 : 0.251313 +0.118% -0.628% # \sum ET
# dynamical scheme # 2 : 0.251293 +0.621% -1.01% # \sum\sqrt{m^2+pt^2}
# dynamical scheme # 3 : 0.252855 +0.0926% -0.618% # 0.5 \sum\sqrt{m^2+pt^2}
# dynamical scheme # 4 : 0.250645 +0.663% -1.04% # \sqrt{\hat s}
#***************************************************************************
