# mur		muf		alpsfact	dynamical_scale	pdf		cross-section
1.0		1.0		1.0		-1		247000		0.0118664404238
0.5		0.5		1.0		-1		247000		0.0124018555733
0.5		0.5		1.0		1		247000		0.0128722109603
0.5		0.5		1.0		2		247000		0.0124853291128
0.5		0.5		1.0		3		247000		0.0130471573838
0.5		0.5		1.0		4		247000		0.0124018555731
0.5		1.0		1.0		-1		247000		0.0118664404238
0.5		1.0		1.0		1		247000		0.0123223585221
0.5		1.0		1.0		2		247000		0.011944388316
0.5		1.0		1.0		3		247000		0.0124853291128
0.5		1.0		1.0		4		247000		0.0118664404237
0.5		2.0		1.0		-1		247000		0.0113560228571
0.5		2.0		1.0		1		247000		0.0117931655015
0.5		2.0		1.0		2		247000		0.0114285843138
0.5		2.0		1.0		3		247000		0.011944388316
0.5		2.0		1.0		4		247000		0.011356022857
1.0		0.5		1.0		-1		247000		0.0124018555733
1.0		0.5		1.0		1		247000		0.0128722109603
1.0		0.5		1.0		2		247000		0.0124853291128
1.0		0.5		1.0		3		247000		0.0130471573838
1.0		0.5		1.0		4		247000		0.0124018555731
1.0		1.0		1.0		1		247000		0.0123223585221
1.0		1.0		1.0		2		247000		0.011944388316
1.0		1.0		1.0		3		247000		0.0124853291128
1.0		1.0		1.0		4		247000		0.0118664404237
1.0		2.0		1.0		-1		247000		0.0113560228571
1.0		2.0		1.0		1		247000		0.0117931655015
1.0		2.0		1.0		2		247000		0.0114285843138
1.0		2.0		1.0		3		247000		0.011944388316
1.0		2.0		1.0		4		247000		0.011356022857
2.0		0.5		1.0		-1		247000		0.0124018555733
2.0		0.5		1.0		1		247000		0.0128722109603
2.0		0.5		1.0		2		247000		0.0124853291128
2.0		0.5		1.0		3		247000		0.0130471573838
2.0		0.5		1.0		4		247000		0.0124018555731
2.0		1.0		1.0		-1		247000		0.0118664404238
2.0		1.0		1.0		1		247000		0.0123223585221
2.0		1.0		1.0		2		247000		0.011944388316
2.0		1.0		1.0		3		247000		0.0124853291128
2.0		1.0		1.0		4		247000		0.0118664404237
2.0		2.0		1.0		-1		247000		0.0113560228571
2.0		2.0		1.0		1		247000		0.0117931655015
2.0		2.0		1.0		2		247000		0.0114285843138
2.0		2.0		1.0		3		247000		0.011944388316
2.0		2.0		1.0		4		247000		0.011356022857
1.0		1.0		1.0		-1		247000		0.0118664404238
1.0		1.0		1.0		-1		247001		0.0121152384618
1.0		1.0		1.0		-1		247002		0.0117722036001
1.0		1.0		1.0		-1		247003		0.0116823817925
1.0		1.0		1.0		-1		247004		0.011993283669
1.0		1.0		1.0		-1		247005		0.0104209376577
1.0		1.0		1.0		-1		247006		0.011673425179
1.0		1.0		1.0		-1		247007		0.0122995579427
1.0		1.0		1.0		-1		247008		0.0121095408864
1.0		1.0		1.0		-1		247009		0.0116498597512
1.0		1.0		1.0		-1		247010		0.0117055776766
1.0		1.0		1.0		-1		247011		0.0121985693422
1.0		1.0		1.0		-1		247012		0.0108987086376
1.0		1.0		1.0		-1		247013		0.0124547889036
1.0		1.0		1.0		-1		247014		0.0115412368136
1.0		1.0		1.0		-1		247015		0.011831029738
1.0		1.0		1.0		-1		247016		0.0118215657224
1.0		1.0		1.0		-1		247017		0.0123108860751
1.0		1.0		1.0		-1		247018		0.0122549366505
1.0		1.0		1.0		-1		247019		0.0114392730872
1.0		1.0		1.0		-1		247020		0.0111725708214
1.0		1.0		1.0		-1		247021		0.011964358174
1.0		1.0		1.0		-1		247022		0.012260207259
1.0		1.0		1.0		-1		247023		0.0105053443205
1.0		1.0		1.0		-1		247024		0.0115992566214
1.0		1.0		1.0		-1		247025		0.0123110586647
1.0		1.0		1.0		-1		247026		0.0118298575234
1.0		1.0		1.0		-1		247027		0.0112893790446
1.0		1.0		1.0		-1		247028		0.0122918504233
1.0		1.0		1.0		-1		247029		0.0109862311606
1.0		1.0		1.0		-1		247030		0.0112521313158
1.0		1.0		1.0		-1		247031		0.0119638606946
1.0		1.0		1.0		-1		247032		0.0121655775093
1.0		1.0		1.0		-1		247033		0.0117781815009
1.0		1.0		1.0		-1		247034		0.0121294779453
1.0		1.0		1.0		-1		247035		0.01218349456
1.0		1.0		1.0		-1		247036		0.0123387875821
1.0		1.0		1.0		-1		247037		0.0117976266352
1.0		1.0		1.0		-1		247038		0.0116245797219
1.0		1.0		1.0		-1		247039		0.0120536761388
1.0		1.0		1.0		-1		247040		0.0116877250289
1.0		1.0		1.0		-1		247041		0.0126270984778
1.0		1.0		1.0		-1		247042		0.0121049358775
1.0		1.0		1.0		-1		247043		0.0117506542101
1.0		1.0		1.0		-1		247044		0.0134241353948
1.0		1.0		1.0		-1		247045		0.0131099101667
1.0		1.0		1.0		-1		247046		0.0116751866302
1.0		1.0		1.0		-1		247047		0.0120456951501
1.0		1.0		1.0		-1		247048		0.0119369421741
1.0		1.0		1.0		-1		247049		0.0123743999632
1.0		1.0		1.0		-1		247050		0.0114503234105
1.0		1.0		1.0		-1		247051		0.0116634482509
1.0		1.0		1.0		-1		247052		0.0118363905078
1.0		1.0		1.0		-1		247053		0.0119973761891
1.0		1.0		1.0		-1		247054		0.0126988858982
1.0		1.0		1.0		-1		247055		0.0115720717236
1.0		1.0		1.0		-1		247056		0.0113141248983
1.0		1.0		1.0		-1		247057		0.0118648773202
1.0		1.0		1.0		-1		247058		0.0119920829463
1.0		1.0		1.0		-1		247059		0.0117912115181
1.0		1.0		1.0		-1		247060		0.0115965287851
1.0		1.0		1.0		-1		247061		0.012174282924
1.0		1.0		1.0		-1		247062		0.0117703224879
1.0		1.0		1.0		-1		247063		0.0121828824288
1.0		1.0		1.0		-1		247064		0.0117904414451
1.0		1.0		1.0		-1		247065		0.012274638197
1.0		1.0		1.0		-1		247066		0.0118323923644
1.0		1.0		1.0		-1		247067		0.01138163831
1.0		1.0		1.0		-1		247068		0.0119826253659
1.0		1.0		1.0		-1		247069		0.0115934828319
1.0		1.0		1.0		-1		247070		0.0115749083273
1.0		1.0		1.0		-1		247071		0.011685815904
1.0		1.0		1.0		-1		247072		0.0114138135007
1.0		1.0		1.0		-1		247073		0.0116205370147
1.0		1.0		1.0		-1		247074		0.0121304826931
1.0		1.0		1.0		-1		247075		0.0118745763025
1.0		1.0		1.0		-1		247076		0.0117776381435
1.0		1.0		1.0		-1		247077		0.0119126036198
1.0		1.0		1.0		-1		247078		0.0122028077148
1.0		1.0		1.0		-1		247079		0.0111465776551
1.0		1.0		1.0		-1		247080		0.0103728457484
1.0		1.0		1.0		-1		247081		0.0121104503092
1.0		1.0		1.0		-1		247082		0.0120865387197
1.0		1.0		1.0		-1		247083		0.0123695518869
1.0		1.0		1.0		-1		247084		0.0113457925977
1.0		1.0		1.0		-1		247085		0.0115098612231
1.0		1.0		1.0		-1		247086		0.0120260138726
1.0		1.0		1.0		-1		247087		0.0114131140578
1.0		1.0		1.0		-1		247088		0.0130306306561
1.0		1.0		1.0		-1		247089		0.0114440468169
1.0		1.0		1.0		-1		247090		0.0110963093362
1.0		1.0		1.0		-1		247091		0.0117498849088
1.0		1.0		1.0		-1		247092		0.0123157480346
1.0		1.0		1.0		-1		247093		0.0123625805549
1.0		1.0		1.0		-1		247094		0.0128355092601
1.0		1.0		1.0		-1		247095		0.0110909658383
1.0		1.0		1.0		-1		247096		0.0116166458896
1.0		1.0		1.0		-1		247097		0.0121714709238
1.0		1.0		1.0		-1		247098		0.0119874628632
1.0		1.0		1.0		-1		247099		0.0118926675595
1.0		1.0		1.0		-1		247100		0.0126081619733

#***************************************************************************
#
# original cross-section: 0.0118664404238
#     scale variation: +4.51% -4.3%
#     central scheme variation: +5.22% -1.05e-09%
# PDF variation: +4.31% -4.31%
#
# dynamical scheme # 1 : 0.0123224 +4.46% -4.29% # \sum ET
# dynamical scheme # 2 : 0.0119444 +4.53% -4.32% # \sum\sqrt{m^2+pt^2}
# dynamical scheme # 3 : 0.0124853 +4.5% -4.33% # 0.5 \sum\sqrt{m^2+pt^2}
# dynamical scheme # 4 : 0.0118664 +4.51% -4.3% # \sqrt{\hat s}
#***************************************************************************
