# mur		muf		alpsfact	dynamical_scale	pdf		cross-section
1.0		1.0		1.0		-1		247000		0.00698920344862
0.5		0.5		1.0		-1		247000		0.00745521987292
0.5		0.5		1.0		1		247000		0.00787962442518
0.5		0.5		1.0		2		247000		0.00751773699528
0.5		0.5		1.0		3		247000		0.00803686612817
0.5		0.5		1.0		4		247000		0.00745521987285
0.5		1.0		1.0		-1		247000		0.00698920344862
0.5		1.0		1.0		1		247000		0.00737534288767
0.5		1.0		1.0		2		247000		0.00704525950936
0.5		1.0		1.0		3		247000		0.00751773699528
0.5		1.0		1.0		4		247000		0.00698920344857
0.5		2.0		1.0		-1		247000		0.00656479421302
0.5		2.0		1.0		1		247000		0.00691622045598
0.5		2.0		1.0		2		247000		0.00661518370238
0.5		2.0		1.0		3		247000		0.00704525950936
0.5		2.0		1.0		4		247000		0.00656479421297
1.0		0.5		1.0		-1		247000		0.00745521987292
1.0		0.5		1.0		1		247000		0.00787962442518
1.0		0.5		1.0		2		247000		0.00751773699528
1.0		0.5		1.0		3		247000		0.00803686612817
1.0		0.5		1.0		4		247000		0.00745521987285
1.0		1.0		1.0		1		247000		0.00737534288767
1.0		1.0		1.0		2		247000		0.00704525950936
1.0		1.0		1.0		3		247000		0.00751773699528
1.0		1.0		1.0		4		247000		0.00698920344857
1.0		2.0		1.0		-1		247000		0.00656479421302
1.0		2.0		1.0		1		247000		0.00691622045598
1.0		2.0		1.0		2		247000		0.00661518370238
1.0		2.0		1.0		3		247000		0.00704525950936
1.0		2.0		1.0		4		247000		0.00656479421297
2.0		0.5		1.0		-1		247000		0.00745521987292
2.0		0.5		1.0		1		247000		0.00787962442518
2.0		0.5		1.0		2		247000		0.00751773699528
2.0		0.5		1.0		3		247000		0.00803686612817
2.0		0.5		1.0		4		247000		0.00745521987285
2.0		1.0		1.0		-1		247000		0.00698920344862
2.0		1.0		1.0		1		247000		0.00737534288767
2.0		1.0		1.0		2		247000		0.00704525950936
2.0		1.0		1.0		3		247000		0.00751773699528
2.0		1.0		1.0		4		247000		0.00698920344857
2.0		2.0		1.0		-1		247000		0.00656479421302
2.0		2.0		1.0		1		247000		0.00691622045598
2.0		2.0		1.0		2		247000		0.00661518370238
2.0		2.0		1.0		3		247000		0.00704525950936
2.0		2.0		1.0		4		247000		0.00656479421297
1.0		1.0		1.0		-1		247000		0.00698920344862
1.0		1.0		1.0		-1		247001		0.00718025549041
1.0		1.0		1.0		-1		247002		0.00698358497431
1.0		1.0		1.0		-1		247003		0.00683929491202
1.0		1.0		1.0		-1		247004		0.0072035143174
1.0		1.0		1.0		-1		247005		0.00604265496737
1.0		1.0		1.0		-1		247006		0.00676746636407
1.0		1.0		1.0		-1		247007		0.00736828505139
1.0		1.0		1.0		-1		247008		0.00727808558812
1.0		1.0		1.0		-1		247009		0.00692508024644
1.0		1.0		1.0		-1		247010		0.00693583561501
1.0		1.0		1.0		-1		247011		0.00694416699777
1.0		1.0		1.0		-1		247012		0.00623382861504
1.0		1.0		1.0		-1		247013		0.0075770044773
1.0		1.0		1.0		-1		247014		0.00694661955882
1.0		1.0		1.0		-1		247015		0.00699451201016
1.0		1.0		1.0		-1		247016		0.00667615959661
1.0		1.0		1.0		-1		247017		0.00717645343621
1.0		1.0		1.0		-1		247018		0.00721068669438
1.0		1.0		1.0		-1		247019		0.00662211106006
1.0		1.0		1.0		-1		247020		0.00634546023901
1.0		1.0		1.0		-1		247021		0.00687687165224
1.0		1.0		1.0		-1		247022		0.00723334675689
1.0		1.0		1.0		-1		247023		0.00626217180317
1.0		1.0		1.0		-1		247024		0.00680271510437
1.0		1.0		1.0		-1		247025		0.00759130023355
1.0		1.0		1.0		-1		247026		0.00676023896779
1.0		1.0		1.0		-1		247027		0.0064559429592
1.0		1.0		1.0		-1		247028		0.0073637229052
1.0		1.0		1.0		-1		247029		0.00654633944168
1.0		1.0		1.0		-1		247030		0.00663581092548
1.0		1.0		1.0		-1		247031		0.00698574682718
1.0		1.0		1.0		-1		247032		0.00695496987734
1.0		1.0		1.0		-1		247033		0.00674907346943
1.0		1.0		1.0		-1		247034		0.00721860663717
1.0		1.0		1.0		-1		247035		0.00679652975796
1.0		1.0		1.0		-1		247036		0.00741424385531
1.0		1.0		1.0		-1		247037		0.00708745617237
1.0		1.0		1.0		-1		247038		0.00692487395057
1.0		1.0		1.0		-1		247039		0.00706030165048
1.0		1.0		1.0		-1		247040		0.00681959103198
1.0		1.0		1.0		-1		247041		0.00766573788861
1.0		1.0		1.0		-1		247042		0.00721910042693
1.0		1.0		1.0		-1		247043		0.00687281374397
1.0		1.0		1.0		-1		247044		0.00817222363032
1.0		1.0		1.0		-1		247045		0.00772273309867
1.0		1.0		1.0		-1		247046		0.00675375396409
1.0		1.0		1.0		-1		247047		0.0069226643627
1.0		1.0		1.0		-1		247048		0.00700615749056
1.0		1.0		1.0		-1		247049		0.00731136622835
1.0		1.0		1.0		-1		247050		0.00658709786123
1.0		1.0		1.0		-1		247051		0.00690195804192
1.0		1.0		1.0		-1		247052		0.00680688407901
1.0		1.0		1.0		-1		247053		0.00710528577034
1.0		1.0		1.0		-1		247054		0.00748490318436
1.0		1.0		1.0		-1		247055		0.00641974360167
1.0		1.0		1.0		-1		247056		0.00694139049383
1.0		1.0		1.0		-1		247057		0.00712977452933
1.0		1.0		1.0		-1		247058		0.00729407450573
1.0		1.0		1.0		-1		247059		0.00700172246939
1.0		1.0		1.0		-1		247060		0.00691693380356
1.0		1.0		1.0		-1		247061		0.00710427905475
1.0		1.0		1.0		-1		247062		0.00704271073859
1.0		1.0		1.0		-1		247063		0.00679154307183
1.0		1.0		1.0		-1		247064		0.00690390452332
1.0		1.0		1.0		-1		247065		0.00721507966265
1.0		1.0		1.0		-1		247066		0.00683429817405
1.0		1.0		1.0		-1		247067		0.00648833291882
1.0		1.0		1.0		-1		247068		0.00717523682277
1.0		1.0		1.0		-1		247069		0.00675948590419
1.0		1.0		1.0		-1		247070		0.00650817452904
1.0		1.0		1.0		-1		247071		0.00702820874132
1.0		1.0		1.0		-1		247072		0.00655528501545
1.0		1.0		1.0		-1		247073		0.00693421157898
1.0		1.0		1.0		-1		247074		0.00735762844565
1.0		1.0		1.0		-1		247075		0.00697037315424
1.0		1.0		1.0		-1		247076		0.00700902724545
1.0		1.0		1.0		-1		247077		0.00697243226602
1.0		1.0		1.0		-1		247078		0.00714722421121
1.0		1.0		1.0		-1		247079		0.00664289022594
1.0		1.0		1.0		-1		247080		0.00621091130156
1.0		1.0		1.0		-1		247081		0.00712320454965
1.0		1.0		1.0		-1		247082		0.00719547446023
1.0		1.0		1.0		-1		247083		0.00719858311654
1.0		1.0		1.0		-1		247084		0.00691103040323
1.0		1.0		1.0		-1		247085		0.00659319168949
1.0		1.0		1.0		-1		247086		0.00712814851685
1.0		1.0		1.0		-1		247087		0.00676007577812
1.0		1.0		1.0		-1		247088		0.00800608393582
1.0		1.0		1.0		-1		247089		0.00667792334145
1.0		1.0		1.0		-1		247090		0.00641152348288
1.0		1.0		1.0		-1		247091		0.00717903634443
1.0		1.0		1.0		-1		247092		0.00735423694946
1.0		1.0		1.0		-1		247093		0.00722244071743
1.0		1.0		1.0		-1		247094		0.00784888066581
1.0		1.0		1.0		-1		247095		0.00645520122194
1.0		1.0		1.0		-1		247096		0.00697652808383
1.0		1.0		1.0		-1		247097		0.00670829985751
1.0		1.0		1.0		-1		247098		0.00711072565006
1.0		1.0		1.0		-1		247099		0.0068762766207
1.0		1.0		1.0		-1		247100		0.00752200042652

#***************************************************************************
#
# original cross-section: 0.00698920344862
#     scale variation: +6.67% -6.07%
#     central scheme variation: +7.56% -7.87e-10%
# PDF variation: +5.35% -5.35%
#
# dynamical scheme # 1 : 0.00737534 +6.84% -6.23% # \sum ET
# dynamical scheme # 2 : 0.00704526 +6.71% -6.1% # \sum\sqrt{m^2+pt^2}
# dynamical scheme # 3 : 0.00751774 +6.91% -6.28% # 0.5 \sum\sqrt{m^2+pt^2}
# dynamical scheme # 4 : 0.0069892 +6.67% -6.07% # \sqrt{\hat s}
#***************************************************************************
