# mur		muf		alpsfact	dynamical_scale	pdf		cross-section
1.0		1.0		1.0		-1		247000		0.940457890844
0.5		0.5		1.0		-1		247000		0.948825519466
0.5		0.5		1.0		1		247000		0.948262378778
0.5		0.5		1.0		2		247000		0.951230831146
0.5		0.5		1.0		3		247000		0.955053185277
0.5		0.5		1.0		4		247000		0.948825519475
0.5		1.0		1.0		-1		247000		0.940457890844
0.5		1.0		1.0		1		247000		0.944605841657
0.5		1.0		1.0		2		247000		0.943162369846
0.5		1.0		1.0		3		247000		0.951230831146
0.5		1.0		1.0		4		247000		0.940457890852
0.5		2.0		1.0		-1		247000		0.929098763708
0.5		2.0		1.0		1		247000		0.936797066686
0.5		2.0		1.0		2		247000		0.931982132821
0.5		2.0		1.0		3		247000		0.943162369846
0.5		2.0		1.0		4		247000		0.929098763715
1.0		0.5		1.0		-1		247000		0.948825519466
1.0		0.5		1.0		1		247000		0.948262378778
1.0		0.5		1.0		2		247000		0.951230831146
1.0		0.5		1.0		3		247000		0.955053185277
1.0		0.5		1.0		4		247000		0.948825519475
1.0		1.0		1.0		1		247000		0.944605841657
1.0		1.0		1.0		2		247000		0.943162369846
1.0		1.0		1.0		3		247000		0.951230831146
1.0		1.0		1.0		4		247000		0.940457890852
1.0		2.0		1.0		-1		247000		0.929098763708
1.0		2.0		1.0		1		247000		0.936797066686
1.0		2.0		1.0		2		247000		0.931982132821
1.0		2.0		1.0		3		247000		0.943162369846
1.0		2.0		1.0		4		247000		0.929098763715
2.0		0.5		1.0		-1		247000		0.948825519466
2.0		0.5		1.0		1		247000		0.948262378778
2.0		0.5		1.0		2		247000		0.951230831146
2.0		0.5		1.0		3		247000		0.955053185277
2.0		0.5		1.0		4		247000		0.948825519475
2.0		1.0		1.0		-1		247000		0.940457890844
2.0		1.0		1.0		1		247000		0.944605841657
2.0		1.0		1.0		2		247000		0.943162369846
2.0		1.0		1.0		3		247000		0.951230831146
2.0		1.0		1.0		4		247000		0.940457890852
2.0		2.0		1.0		-1		247000		0.929098763708
2.0		2.0		1.0		1		247000		0.936797066686
2.0		2.0		1.0		2		247000		0.931982132821
2.0		2.0		1.0		3		247000		0.943162369846
2.0		2.0		1.0		4		247000		0.929098763715
1.0		1.0		1.0		-1		247000		0.940457890844
1.0		1.0		1.0		-1		247001		0.937575334368
1.0		1.0		1.0		-1		247002		0.929818387234
1.0		1.0		1.0		-1		247003		0.910199292489
1.0		1.0		1.0		-1		247004		0.937571434979
1.0		1.0		1.0		-1		247005		0.871353215548
1.0		1.0		1.0		-1		247006		0.917119623428
1.0		1.0		1.0		-1		247007		0.968277470197
1.0		1.0		1.0		-1		247008		0.985894552308
1.0		1.0		1.0		-1		247009		0.931859764304
1.0		1.0		1.0		-1		247010		0.927935458624
1.0		1.0		1.0		-1		247011		0.95791737921
1.0		1.0		1.0		-1		247012		0.886247298201
1.0		1.0		1.0		-1		247013		1.01236943005
1.0		1.0		1.0		-1		247014		0.877202150982
1.0		1.0		1.0		-1		247015		0.941110287387
1.0		1.0		1.0		-1		247016		0.985012146326
1.0		1.0		1.0		-1		247017		0.973124651827
1.0		1.0		1.0		-1		247018		0.970383340716
1.0		1.0		1.0		-1		247019		0.941462040791
1.0		1.0		1.0		-1		247020		0.911849619628
1.0		1.0		1.0		-1		247021		0.928511801337
1.0		1.0		1.0		-1		247022		0.944142727245
1.0		1.0		1.0		-1		247023		0.84703058218
1.0		1.0		1.0		-1		247024		0.917932632226
1.0		1.0		1.0		-1		247025		0.976320373963
1.0		1.0		1.0		-1		247026		0.933867131221
1.0		1.0		1.0		-1		247027		0.941623421835
1.0		1.0		1.0		-1		247028		0.965476647129
1.0		1.0		1.0		-1		247029		0.891957847313
1.0		1.0		1.0		-1		247030		0.903340332709
1.0		1.0		1.0		-1		247031		0.977771700882
1.0		1.0		1.0		-1		247032		0.96994875718
1.0		1.0		1.0		-1		247033		0.961321860696
1.0		1.0		1.0		-1		247034		0.964738398734
1.0		1.0		1.0		-1		247035		0.983280879991
1.0		1.0		1.0		-1		247036		0.989171570815
1.0		1.0		1.0		-1		247037		0.944388241051
1.0		1.0		1.0		-1		247038		0.892604384784
1.0		1.0		1.0		-1		247039		0.935078637897
1.0		1.0		1.0		-1		247040		0.925151001592
1.0		1.0		1.0		-1		247041		0.954771179513
1.0		1.0		1.0		-1		247042		0.969374105217
1.0		1.0		1.0		-1		247043		0.928504524595
1.0		1.0		1.0		-1		247044		0.996440159626
1.0		1.0		1.0		-1		247045		1.02702323269
1.0		1.0		1.0		-1		247046		0.885512516137
1.0		1.0		1.0		-1		247047		0.949663861193
1.0		1.0		1.0		-1		247048		0.935736291927
1.0		1.0		1.0		-1		247049		0.94618464818
1.0		1.0		1.0		-1		247050		0.920818843463
1.0		1.0		1.0		-1		247051		0.917869630968
1.0		1.0		1.0		-1		247052		0.945604429563
1.0		1.0		1.0		-1		247053		0.922891097707
1.0		1.0		1.0		-1		247054		1.02340088151
1.0		1.0		1.0		-1		247055		0.940869721591
1.0		1.0		1.0		-1		247056		0.875782135308
1.0		1.0		1.0		-1		247057		0.930839200363
1.0		1.0		1.0		-1		247058		0.932414228293
1.0		1.0		1.0		-1		247059		0.878377780428
1.0		1.0		1.0		-1		247060		0.938897156876
1.0		1.0		1.0		-1		247061		0.979588517642
1.0		1.0		1.0		-1		247062		0.941189272868
1.0		1.0		1.0		-1		247063		0.99276343474
1.0		1.0		1.0		-1		247064		0.939145467524
1.0		1.0		1.0		-1		247065		0.988706337616
1.0		1.0		1.0		-1		247066		0.969525688903
1.0		1.0		1.0		-1		247067		0.947237729929
1.0		1.0		1.0		-1		247068		0.965978390036
1.0		1.0		1.0		-1		247069		0.928436481184
1.0		1.0		1.0		-1		247070		0.938041276676
1.0		1.0		1.0		-1		247071		0.899913011738
1.0		1.0		1.0		-1		247072		0.899285896569
1.0		1.0		1.0		-1		247073		0.928869372621
1.0		1.0		1.0		-1		247074		0.955110722441
1.0		1.0		1.0		-1		247075		0.947887746007
1.0		1.0		1.0		-1		247076		0.938330631823
1.0		1.0		1.0		-1		247077		0.939138573648
1.0		1.0		1.0		-1		247078		0.9689084335
1.0		1.0		1.0		-1		247079		0.879523412527
1.0		1.0		1.0		-1		247080		0.819807470619
1.0		1.0		1.0		-1		247081		0.950551648765
1.0		1.0		1.0		-1		247082		0.93605639121
1.0		1.0		1.0		-1		247083		0.937288784888
1.0		1.0		1.0		-1		247084		0.913788983117
1.0		1.0		1.0		-1		247085		0.918481744614
1.0		1.0		1.0		-1		247086		0.95286689335
1.0		1.0		1.0		-1		247087		0.884171652603
1.0		1.0		1.0		-1		247088		1.00177610518
1.0		1.0		1.0		-1		247089		0.916281000001
1.0		1.0		1.0		-1		247090		0.90416606201
1.0		1.0		1.0		-1		247091		0.961082782983
1.0		1.0		1.0		-1		247092		0.951583404311
1.0		1.0		1.0		-1		247093		0.934028691779
1.0		1.0		1.0		-1		247094		1.00091996565
1.0		1.0		1.0		-1		247095		0.930486891856
1.0		1.0		1.0		-1		247096		0.940819066546
1.0		1.0		1.0		-1		247097		0.976966930083
1.0		1.0		1.0		-1		247098		0.953202488061
1.0		1.0		1.0		-1		247099		0.955785369433
1.0		1.0		1.0		-1		247100		0.980219958132

#***************************************************************************
#
# original cross-section: 0.940457890844
#     scale variation: +0.89% -1.21%
#     central scheme variation: +1.15% - 0%
# PDF variation: +3.88% -3.88%
#
# dynamical scheme # 1 : 0.944606 +0.387% -0.827% # \sum ET
# dynamical scheme # 2 : 0.943162 +0.855% -1.19% # \sum\sqrt{m^2+pt^2}
# dynamical scheme # 3 : 0.951231 +0.402% -0.848% # 0.5 \sum\sqrt{m^2+pt^2}
# dynamical scheme # 4 : 0.940458 +0.89% -1.21% # \sqrt{\hat s}
#***************************************************************************
