# mur		muf		alpsfact	dynamical_scale	pdf		cross-section
1.0		1.0		1.0		-1		247000		0.000452243340564
0.5		0.5		1.0		-1		247000		0.00049564946379
0.5		0.5		1.0		1		247000		0.000533020367919
0.5		0.5		1.0		2		247000		0.000500306503413
0.5		0.5		1.0		3		247000		0.000550900622735
0.5		0.5		1.0		4		247000		0.000495649463784
0.5		1.0		1.0		-1		247000		0.000452243340564
0.5		1.0		1.0		1		247000		0.000484706070645
0.5		1.0		1.0		2		247000		0.000456266353871
0.5		1.0		1.0		3		247000		0.000500306503413
0.5		1.0		1.0		4		247000		0.000452243340558
0.5		2.0		1.0		-1		247000		0.000414233571473
0.5		2.0		1.0		1		247000		0.000442591116616
0.5		2.0		1.0		2		247000		0.000417730241746
0.5		2.0		1.0		3		247000		0.000456266353871
0.5		2.0		1.0		4		247000		0.000414233571468
1.0		0.5		1.0		-1		247000		0.00049564946379
1.0		0.5		1.0		1		247000		0.000533020367919
1.0		0.5		1.0		2		247000		0.000500306503413
1.0		0.5		1.0		3		247000		0.000550900622735
1.0		0.5		1.0		4		247000		0.000495649463784
1.0		1.0		1.0		1		247000		0.000484706070645
1.0		1.0		1.0		2		247000		0.000456266353871
1.0		1.0		1.0		3		247000		0.000500306503413
1.0		1.0		1.0		4		247000		0.000452243340558
1.0		2.0		1.0		-1		247000		0.000414233571473
1.0		2.0		1.0		1		247000		0.000442591116616
1.0		2.0		1.0		2		247000		0.000417730241746
1.0		2.0		1.0		3		247000		0.000456266353871
1.0		2.0		1.0		4		247000		0.000414233571468
2.0		0.5		1.0		-1		247000		0.00049564946379
2.0		0.5		1.0		1		247000		0.000533020367919
2.0		0.5		1.0		2		247000		0.000500306503413
2.0		0.5		1.0		3		247000		0.000550900622735
2.0		0.5		1.0		4		247000		0.000495649463784
2.0		1.0		1.0		-1		247000		0.000452243340564
2.0		1.0		1.0		1		247000		0.000484706070645
2.0		1.0		1.0		2		247000		0.000456266353871
2.0		1.0		1.0		3		247000		0.000500306503413
2.0		1.0		1.0		4		247000		0.000452243340558
2.0		2.0		1.0		-1		247000		0.000414233571473
2.0		2.0		1.0		1		247000		0.000442591116616
2.0		2.0		1.0		2		247000		0.000417730241746
2.0		2.0		1.0		3		247000		0.000456266353871
2.0		2.0		1.0		4		247000		0.000414233571468
1.0		1.0		1.0		-1		247000		0.000452243340564
1.0		1.0		1.0		-1		247001		0.000463562651636
1.0		1.0		1.0		-1		247002		0.000461846306767
1.0		1.0		1.0		-1		247003		0.000441141915092
1.0		1.0		1.0		-1		247004		0.000471954534319
1.0		1.0		1.0		-1		247005		0.000397710928526
1.0		1.0		1.0		-1		247006		0.000429858131626
1.0		1.0		1.0		-1		247007		0.000482462462834
1.0		1.0		1.0		-1		247008		0.000486848500888
1.0		1.0		1.0		-1		247009		0.000463028129582
1.0		1.0		1.0		-1		247010		0.000461053554604
1.0		1.0		1.0		-1		247011		0.000420287069746
1.0		1.0		1.0		-1		247012		0.000394777220589
1.0		1.0		1.0		-1		247013		0.000504520629572
1.0		1.0		1.0		-1		247014		0.000466652717762
1.0		1.0		1.0		-1		247015		0.000453213008322
1.0		1.0		1.0		-1		247016		0.000407166799979
1.0		1.0		1.0		-1		247017		0.000453198801962
1.0		1.0		1.0		-1		247018		0.000461263486275
1.0		1.0		1.0		-1		247019		0.00042430937763
1.0		1.0		1.0		-1		247020		0.000384487312868
1.0		1.0		1.0		-1		247021		0.000423151828239
1.0		1.0		1.0		-1		247022		0.000462625447416
1.0		1.0		1.0		-1		247023		0.000423095501456
1.0		1.0		1.0		-1		247024		0.000440526322862
1.0		1.0		1.0		-1		247025		0.000525520254966
1.0		1.0		1.0		-1		247026		0.000407854336494
1.0		1.0		1.0		-1		247027		0.000398191778189
1.0		1.0		1.0		-1		247028		0.000489972583346
1.0		1.0		1.0		-1		247029		0.000445890338401
1.0		1.0		1.0		-1		247030		0.000446790380447
1.0		1.0		1.0		-1		247031		0.000448919190221
1.0		1.0		1.0		-1		247032		0.000412170406501
1.0		1.0		1.0		-1		247033		0.000421337591799
1.0		1.0		1.0		-1		247034		0.000479315902264
1.0		1.0		1.0		-1		247035		0.000389271625303
1.0		1.0		1.0		-1		247036		0.000486520243858
1.0		1.0		1.0		-1		247037		0.000480578120097
1.0		1.0		1.0		-1		247038		0.000461777095262
1.0		1.0		1.0		-1		247039		0.000438424352061
1.0		1.0		1.0		-1		247040		0.000431832733899
1.0		1.0		1.0		-1		247041		0.00051128431199
1.0		1.0		1.0		-1		247042		0.000480575437095
1.0		1.0		1.0		-1		247043		0.000458231624261
1.0		1.0		1.0		-1		247044		0.000521558690275
1.0		1.0		1.0		-1		247045		0.000483228738711
1.0		1.0		1.0		-1		247046		0.000429247736612
1.0		1.0		1.0		-1		247047		0.000420486976463
1.0		1.0		1.0		-1		247048		0.000451040344048
1.0		1.0		1.0		-1		247049		0.000472515065819
1.0		1.0		1.0		-1		247050		0.000411232415288
1.0		1.0		1.0		-1		247051		0.000451438922303
1.0		1.0		1.0		-1		247052		0.000416734037668
1.0		1.0		1.0		-1		247053		0.000463848191117
1.0		1.0		1.0		-1		247054		0.000477812186569
1.0		1.0		1.0		-1		247055		0.000375880003495
1.0		1.0		1.0		-1		247056		0.000484470023539
1.0		1.0		1.0		-1		247057		0.000478987191272
1.0		1.0		1.0		-1		247058		0.000493218690817
1.0		1.0		1.0		-1		247059		0.00046401592021
1.0		1.0		1.0		-1		247060		0.000459760948383
1.0		1.0		1.0		-1		247061		0.000447204293067
1.0		1.0		1.0		-1		247062		0.00047163765178
1.0		1.0		1.0		-1		247063		0.000386086273007
1.0		1.0		1.0		-1		247064		0.000446352837941
1.0		1.0		1.0		-1		247065		0.000464197248289
1.0		1.0		1.0		-1		247066		0.000427936048221
1.0		1.0		1.0		-1		247067		0.00040990651148
1.0		1.0		1.0		-1		247068		0.000483276401736
1.0		1.0		1.0		-1		247069		0.000425441370925
1.0		1.0		1.0		-1		247070		0.000394179904718
1.0		1.0		1.0		-1		247071		0.000478488446208
1.0		1.0		1.0		-1		247072		0.000411233816693
1.0		1.0		1.0		-1		247073		0.000461527209334
1.0		1.0		1.0		-1		247074		0.000497143441626
1.0		1.0		1.0		-1		247075		0.000449901335121
1.0		1.0		1.0		-1		247076		0.000465974752409
1.0		1.0		1.0		-1		247077		0.000446020207381
1.0		1.0		1.0		-1		247078		0.000461598858293
1.0		1.0		1.0		-1		247079		0.000445619266209
1.0		1.0		1.0		-1		247080		0.000435960153481
1.0		1.0		1.0		-1		247081		0.000454715230553
1.0		1.0		1.0		-1		247082		0.000473164222054
1.0		1.0		1.0		-1		247083		0.000448543111387
1.0		1.0		1.0		-1		247084		0.00047975629552
1.0		1.0		1.0		-1		247085		0.000415075391734
1.0		1.0		1.0		-1		247086		0.000453842701679
1.0		1.0		1.0		-1		247087		0.000442384869376
1.0		1.0		1.0		-1		247088		0.000526920547482
1.0		1.0		1.0		-1		247089		0.00044176583376
1.0		1.0		1.0		-1		247090		0.000403392530016
1.0		1.0		1.0		-1		247091		0.000493947363397
1.0		1.0		1.0		-1		247092		0.000484922676948
1.0		1.0		1.0		-1		247093		0.000457964992742
1.0		1.0		1.0		-1		247094		0.000507748628716
1.0		1.0		1.0		-1		247095		0.000419213352766
1.0		1.0		1.0		-1		247096		0.000471410039649
1.0		1.0		1.0		-1		247097		0.000386107296924
1.0		1.0		1.0		-1		247098		0.000467653599912
1.0		1.0		1.0		-1		247099		0.000424175693138
1.0		1.0		1.0		-1		247100		0.000489073561059

#***************************************************************************
#
# original cross-section: 0.000452243340564
#     scale variation: +9.6% -8.4%
#     central scheme variation: +10.6% -1.38e-09%
# PDF variation: +7.45% -7.45%
#
# dynamical scheme # 1 : 0.000484706 +9.97% -8.69% # \sum ET
# dynamical scheme # 2 : 0.000456266 +9.65% -8.45% # \sum\sqrt{m^2+pt^2}
# dynamical scheme # 3 : 0.000500307 +10.1% -8.8% # 0.5 \sum\sqrt{m^2+pt^2}
# dynamical scheme # 4 : 0.000452243 +9.6% -8.4% # \sqrt{\hat s}
#***************************************************************************
